INFO:        Initial point of search.
INFO:          Upstream outflow ratio = 0.5.
INFO:          Downstream outflow ratio = 0.5.
INFO:          Direct discharge ratio = 0.97.
INFO:          Upstream percolation ratio = 0.2.
INFO:          Downstream deep percolation ratio = 0.2.
INFO:          Upstream middle flow ratio = 0.5.
INFO:          Downstream percolation ratio = 0.2.
INFO:          Downstream middle flow ratio = 0.5.
INFO:          "Water-holding Capacity of Forest" = 200.
INFO:          Upstream deep percolation ratio = 0.5.
INFO:        Simulations = 1.
INFO:        Optimizations = 1.
INFO:        Pass = 0.
INFO:        Payoff = -4988.36.
INFO:        ---------------------------------.
INFO:        NOTE Payoff (-373.37) realized at multiple parameter values.
INFO:        With "Water-holding Capacity of Forest" = 228.987 and 250.
INFO:        NOTE Payoff (-373.37) realized at multiple parameter values.
INFO:        With "Water-holding Capacity of Forest" = 250 and 239.493.
INFO:        NOTE Payoff (-367.57) realized at multiple parameter values.
INFO:        With "Water-holding Capacity of Forest" = 228.987 and 239.493.
INFO:        NOTE Payoff (-367.57) realized at multiple parameter values.
INFO:        With "Water-holding Capacity of Forest" = 239.493 and 250.
INFO:        NOTE Payoff (-366.278) realized at multiple parameter values.
INFO:        With "Water-holding Capacity of Forest" = 228.987 and 239.493.
INFO:        NOTE Payoff (-366.278) realized at multiple parameter values.
INFO:        With "Water-holding Capacity of Forest" = 239.493 and 250.
INFO:        NOTE Payoff (-362.326) realized at multiple parameter values.
INFO:        With "Water-holding Capacity of Forest" = 228.987 and 239.493.
INFO:        NOTE Payoff (-362.326) realized at multiple parameter values.
INFO:        With "Water-holding Capacity of Forest" = 239.493 and 250.
INFO:        NOTE Payoff (-357.805) realized at multiple parameter values.
INFO:        With "Water-holding Capacity of Forest" = 228.987 and 239.493.
INFO:        NOTE Payoff (-357.805) realized at multiple parameter values.
INFO:        With "Water-holding Capacity of Forest" = 239.493 and 250.
INFO:        NOTE Payoff (-355.296) realized at multiple parameter values.
INFO:        With "Water-holding Capacity of Forest" = 228.987 and 239.493.
INFO:        NOTE Payoff (-355.296) realized at multiple parameter values.
INFO:        With "Water-holding Capacity of Forest" = 239.493 and 250.
INFO:        NOTE Payoff (-354.75) realized at multiple parameter values.
INFO:        With "Water-holding Capacity of Forest" = 228.987 and 239.493.
INFO:        NOTE Payoff (-354.75) realized at multiple parameter values.
INFO:        With "Water-holding Capacity of Forest" = 239.493 and 250.
INFO:        NOTE Payoff (-352.883) realized at multiple parameter values.
INFO:        With "Water-holding Capacity of Forest" = 228.987 and 239.493.
INFO:        NOTE Payoff (-352.883) realized at multiple parameter values.
INFO:        With "Water-holding Capacity of Forest" = 239.493 and 250.
INFO:        ------------------.
INFO:        Floating point error during optimization with.
INFO:        .
INFO:         *Upstream outflow ratio = 0.433384.
INFO:         *Downstream outflow ratio = 0.0140078.
INFO:         *Direct discharge ratio = 0.96691.
INFO:         *Upstream percolation ratio = 0.215984.
INFO:         *Downstream deep percolation ratio = 0.104784.
INFO:         *Upstream middle flow ratio = 0.255.
INFO:         *Downstream percolation ratio = 0.185576.
INFO:         *Downstream middle flow ratio = 0.143698.
INFO:         *"Water-holding Capacity of Forest" = 228.987.
INFO:         *Upstream deep percolation ratio = 0.989944.
INFO:        ------------------.
INFO:        NOTE Payoff (-352.648) realized at multiple parameter values.
INFO:        With "Water-holding Capacity of Forest" = 228.987 and 239.493.
INFO:        NOTE Payoff (-352.648) realized at multiple parameter values.
INFO:        With "Water-holding Capacity of Forest" = 239.493 and 250.
INFO:        NOTE Payoff (-351.787) realized at multiple parameter values.
INFO:        With "Water-holding Capacity of Forest" = 228.987 and 239.493.
INFO:        NOTE Payoff (-351.787) realized at multiple parameter values.
INFO:        With "Water-holding Capacity of Forest" = 239.493 and 250.
INFO:        NOTE Payoff (-350.931) realized at multiple parameter values.
INFO:        With "Water-holding Capacity of Forest" = 228.987 and 239.493.
INFO:        NOTE Payoff (-350.931) realized at multiple parameter values.
INFO:        With "Water-holding Capacity of Forest" = 239.493 and 250.
INFO:        NOTE Payoff (-350.467) realized at multiple parameter values.
INFO:        With "Water-holding Capacity of Forest" = 228.987 and 239.493.
INFO:        NOTE Payoff (-350.467) realized at multiple parameter values.
INFO:        With "Water-holding Capacity of Forest" = 239.493 and 250.
INFO:        NOTE Payoff (-349.242) realized at multiple parameter values.
INFO:        With "Water-holding Capacity of Forest" = 228.987 and 239.493.
INFO:        NOTE Payoff (-349.242) realized at multiple parameter values.
INFO:        With "Water-holding Capacity of Forest" = 239.493 and 250.
INFO:        NOTE Payoff (-348.261) realized at multiple parameter values.
INFO:        With "Water-holding Capacity of Forest" = 228.987 and 231.507.
INFO:        NOTE Payoff (-348.261) realized at multiple parameter values.
INFO:        With "Water-holding Capacity of Forest" = 231.507 and 235.584.
INFO:        NOTE Payoff (-347.578) realized at multiple parameter values.
INFO:        With "Water-holding Capacity of Forest" = 228.987 and 231.507.
INFO:        NOTE Payoff (-347.578) realized at multiple parameter values.
INFO:        With "Water-holding Capacity of Forest" = 231.507 and 235.584.
INFO:        NOTE Payoff (-347.016) realized at multiple parameter values.
INFO:        With "Water-holding Capacity of Forest" = 228.987 and 231.507.
INFO:        NOTE Payoff (-347.016) realized at multiple parameter values.
INFO:        With "Water-holding Capacity of Forest" = 231.507 and 235.584.
INFO:        NOTE Payoff (-345.3) realized at multiple parameter values.
INFO:        With "Water-holding Capacity of Forest" = 228.987 and 231.507.
INFO:        NOTE Payoff (-345.3) realized at multiple parameter values.
INFO:        With "Water-holding Capacity of Forest" = 231.507 and 235.584.
INFO:        NOTE Payoff (-343.831) realized at multiple parameter values.
INFO:        With "Water-holding Capacity of Forest" = 228.987 and 231.507.
INFO:        NOTE Payoff (-343.831) realized at multiple parameter values.
INFO:        With "Water-holding Capacity of Forest" = 231.507 and 235.584.
INFO:        Maximum payoff found at:.
INFO:         *Upstream outflow ratio = 0.376323.
INFO:          Downstream outflow ratio = 0.0140161.
INFO:          Direct discharge ratio = 0.965331.
INFO:          Upstream percolation ratio = 0.264584.
INFO:         *Downstream deep percolation ratio = 0.0805601.
INFO:         *Upstream middle flow ratio = 0.244978.
INFO:         *Downstream percolation ratio = 0.264573.
INFO:         *Downstream middle flow ratio = 0.105939.
INFO:          "Water-holding Capacity of Forest" = 228.987.
INFO:          Upstream deep percolation ratio = 0.99.
INFO:        Simulations = 1014.
INFO:        NOTE 13 of the simulations caused floating point errors (first was reported).
INFO:        Optimizations = 1.
INFO:        Pass = 3.
INFO:        Payoff = -343.788.
INFO:        ---------------------------------.
INFO:        This Search                   	Pass 1      	Final       .
INFO:        Simulations                   	769         	1014        .
INFO:        Iterations                    	15          	20          .
INFO:         Upstream outflow ratio       	0.43338401  	0.37632349  .
INFO:         Downstream outflow ratio     	0.022063865 	0.014016079 .
INFO:         Direct discharge ratio       	0.96533142  	0.96533142  .
INFO:         Upstream percolation ratio   	0.26238077  	0.26458359  .
INFO:         Downstream deep percolation ratio	0.084588629 	0.080560126 .
INFO:         Upstream middle flow ratio   	0.01        	0.24497812  .
INFO:         Downstream percolation ratio 	0.18365587  	0.26457252  .
INFO:         Downstream middle flow ratio 	0.14668161  	0.10593858  .
INFO:         "Water-holding Capacity of Forest"	228.98669   	228.98669   .
INFO:         Upstream deep percolation ratio	0.99        	0.99        .
INFO:        Payoff                        	-348.86623  	-343.78768  .
INFO:        ==============================.
INFO:        Initial point of search.
INFO:         *Upstream outflow ratio = 0.322676.
INFO:          Downstream outflow ratio = 0.373779.
INFO:          Direct discharge ratio = 0.632486.
INFO:          Upstream percolation ratio = 0.33925.
INFO:         *Downstream deep percolation ratio = 0.383622.
INFO:         *Upstream middle flow ratio = 0.229212.
INFO:         *Downstream percolation ratio = 0.49972.
INFO:         *Downstream middle flow ratio = 0.34425.
INFO:          "Water-holding Capacity of Forest" = 221.05.
INFO:          Upstream deep percolation ratio = 0.270104.
INFO:        Simulations = 1015.
INFO:        NOTE 13 of the simulations caused floating point errors (first was reported).
INFO:        Optimizations = 2.
INFO:        Pass = 3.
INFO:        Payoff = -811.371.
INFO:        ---------------------------------.
INFO:        Maximum payoff found at:.
INFO:          Upstream outflow ratio = 0.376323.
INFO:          Downstream outflow ratio = 0.0140161.
INFO:          Direct discharge ratio = 0.965331.
INFO:          Upstream percolation ratio = 0.264584.
INFO:          Downstream deep percolation ratio = 0.0805601.
INFO:         *Upstream middle flow ratio = 0.244978.
INFO:          Downstream percolation ratio = 0.264573.
INFO:          Downstream middle flow ratio = 0.105939.
INFO:          "Water-holding Capacity of Forest" = 228.987.
INFO:          Upstream deep percolation ratio = 0.99.
INFO:        Simulations = 1276.
INFO:        NOTE 44 of the simulations caused floating point errors (first was reported).
INFO:        Optimizations = 2.
INFO:        Pass = 3.
INFO:        Payoff = -343.788.
INFO:        ---------------------------------.
INFO:        This Search                   	Pass 1      	Final       .
INFO:        Simulations                   	1244        	1276        .
INFO:        Iterations                    	4           	25          .
INFO:         Upstream outflow ratio       	0.25632165  	0.25632165  .
INFO:         Downstream outflow ratio     	0.12892605  	0.12892605  .
INFO:         Direct discharge ratio       	0.68187778  	0.68187778  .
INFO:         Upstream percolation ratio   	0.36394588  	0.36394588  .
INFO:         Downstream deep percolation ratio	0.13394477  	0.13394477  .
INFO:         Upstream middle flow ratio   	0.25390809  	0.25390809  .
INFO:         Downstream percolation ratio 	0.079495556 	0.079495556 .
INFO:         Downstream middle flow ratio 	0.08649441  	0.08649441  .
INFO:         "Water-holding Capacity of Forest"	223.56964   	223.56964   .
INFO:         Upstream deep percolation ratio	0.93457284  	0.93457284  .
INFO:        Payoff                        	-356.65558  	-356.65558  .
INFO:        ==============================.
INFO:        Floating point error - skipping optimization.
INFO:          Upstream outflow ratio = 0.552146.
INFO:          Downstream outflow ratio = 0.262116.
INFO:          Direct discharge ratio = 0.227355.
INFO:          Upstream percolation ratio = 0.0943237.
INFO:          Downstream deep percolation ratio = 0.439533.
INFO:         *Upstream middle flow ratio = 0.442959.
INFO:          Downstream percolation ratio = 0.387664.
INFO:          Downstream middle flow ratio = 0.0291899.
INFO:          "Water-holding Capacity of Forest" = 200.466.
INFO:          Upstream deep percolation ratio = 0.960811.
INFO:        Simulations = 1277.
INFO:        NOTE 45 of the simulations caused floating point errors (first was reported).
INFO:        Optimizations = 3.
INFO:        Pass = 3.
INFO:        Payoff = -1.29807e+33.
INFO:        ---------------------------------.
INFO:        Initial point of search.
INFO:          Upstream outflow ratio = 0.146183.
INFO:          Downstream outflow ratio = 0.44564.
INFO:          Direct discharge ratio = 0.535557.
INFO:          Upstream percolation ratio = 0.110481.
INFO:          Downstream deep percolation ratio = 0.0806899.
INFO:         *Upstream middle flow ratio = 0.478632.
INFO:          Downstream percolation ratio = 0.161015.
INFO:          Downstream middle flow ratio = 0.780569.
INFO:          "Water-holding Capacity of Forest" = 156.554.
INFO:          Upstream deep percolation ratio = 0.415241.
INFO:        Simulations = 1278.
INFO:        NOTE 45 of the simulations caused floating point errors (first was reported).
INFO:        Optimizations = 4.
INFO:        Pass = 3.
INFO:        Payoff = -4902.99.
INFO:        ---------------------------------.
INFO:        Maximum payoff found at:.
INFO:          Upstream outflow ratio = 0.376323.
INFO:          Downstream outflow ratio = 0.0140161.
INFO:         *Direct discharge ratio = 0.965331.
INFO:          Upstream percolation ratio = 0.264584.
INFO:          Downstream deep percolation ratio = 0.0805601.
INFO:          Upstream middle flow ratio = 0.244978.
INFO:          Downstream percolation ratio = 0.264573.
INFO:          Downstream middle flow ratio = 0.105939.
INFO:          "Water-holding Capacity of Forest" = 228.987.
INFO:          Upstream deep percolation ratio = 0.99.
INFO:        Simulations = 1438.
INFO:        NOTE 66 of the simulations caused floating point errors (first was reported).
INFO:        Optimizations = 4.
INFO:        Pass = 3.
INFO:        Payoff = -343.788.
INFO:        ---------------------------------.
INFO:        This Search                   	Pass 1      	Final       .
INFO:        Simulations                   	1423        	1438        .
INFO:        Iterations                    	2           	28          .
INFO:         Upstream outflow ratio       	0.36866184  	0.36866184  .
INFO:         Downstream outflow ratio     	0.024334769 	0.029891369 .
INFO:         Direct discharge ratio       	0.2409981   	0.2409981   .
INFO:         Upstream percolation ratio   	0.48139976  	0.48139976  .
INFO:         Downstream deep percolation ratio	0.23139159  	0.23139159  .
INFO:         Upstream middle flow ratio   	0.53404379  	0.53404379  .
INFO:         Downstream percolation ratio 	0.10270868  	0.10270868  .
INFO:         Downstream middle flow ratio 	0.36822298  	0.36822298  .
INFO:         "Water-holding Capacity of Forest"	159.07375   	159.07375   .
INFO:         Upstream deep percolation ratio	0.54338366  	0.54338366  .
INFO:        Payoff                        	-364.98553  	-364.77941  .
INFO:        ==============================.
INFO:        Floating point error - skipping optimization.
INFO:          Upstream outflow ratio = 0.516859.
INFO:          Downstream outflow ratio = 0.965621.
INFO:         *Direct discharge ratio = 0.176465.
INFO:          Upstream percolation ratio = 0.455706.
INFO:          Downstream deep percolation ratio = 0.219721.
INFO:          Upstream middle flow ratio = 0.897392.
INFO:          Downstream percolation ratio = 0.220671.
INFO:          Downstream middle flow ratio = 0.894676.
INFO:          "Water-holding Capacity of Forest" = 211.749.
INFO:          Upstream deep percolation ratio = 0.174543.
INFO:        Simulations = 1439.
INFO:        NOTE 67 of the simulations caused floating point errors (first was reported).
INFO:        Optimizations = 5.
INFO:        Pass = 3.
INFO:        Payoff = -1.29807e+33.
INFO:        ---------------------------------.
INFO:        Floating point error - skipping optimization.
INFO:          Upstream outflow ratio = 0.515256.
INFO:          Downstream outflow ratio = 0.0975119.
INFO:         *Direct discharge ratio = 0.542585.
INFO:          Upstream percolation ratio = 0.206831.
INFO:          Downstream deep percolation ratio = 0.251362.
INFO:          Upstream middle flow ratio = 0.577567.
INFO:          Downstream percolation ratio = 0.384521.
INFO:          Downstream middle flow ratio = 0.654259.
INFO:          "Water-holding Capacity of Forest" = 215.943.
INFO:          Upstream deep percolation ratio = 0.952623.
INFO:        Simulations = 1440.
INFO:        NOTE 68 of the simulations caused floating point errors (first was reported).
INFO:        Optimizations = 6.
INFO:        Pass = 3.
INFO:        Payoff = -1.29807e+33.
INFO:        ---------------------------------.
INFO:        Initial point of search.
INFO:          Upstream outflow ratio = 0.977318.
INFO:          Downstream outflow ratio = 0.53243.
INFO:         *Direct discharge ratio = 0.936959.
INFO:          Upstream percolation ratio = 0.325511.
INFO:          Downstream deep percolation ratio = 0.0107548.
INFO:          Upstream middle flow ratio = 0.733988.
INFO:          Downstream percolation ratio = 0.296524.
INFO:          Downstream middle flow ratio = 0.344698.
INFO:          "Water-holding Capacity of Forest" = 241.014.
INFO:          Upstream deep percolation ratio = 0.169468.
INFO:        Simulations = 1441.
INFO:        NOTE 68 of the simulations caused floating point errors (first was reported).
INFO:        Optimizations = 7.
INFO:        Pass = 3.
INFO:        Payoff = -13056.2.
INFO:        ---------------------------------.
INFO:        Maximum payoff found at:.
INFO:          Upstream outflow ratio = 0.242718.
INFO:          Downstream outflow ratio = 0.034696.
INFO:          Direct discharge ratio = 0.936959.
INFO:          Upstream percolation ratio = 0.322732.
INFO:          Downstream deep percolation ratio = 0.395067.
INFO:         *Upstream middle flow ratio = 0.477168.
INFO:          Downstream percolation ratio = 0.118977.
INFO:          Downstream middle flow ratio = 0.350254.
INFO:          "Water-holding Capacity of Forest" = 241.014.
INFO:          Upstream deep percolation ratio = 0.629933.
INFO:        Simulations = 1550.
INFO:        NOTE 76 of the simulations caused floating point errors (first was reported).
INFO:        Optimizations = 7.
INFO:        Pass = 3.
INFO:        Payoff = -343.208.
INFO:        ---------------------------------.
INFO:        This Search                   	Pass 1      	Final       .
INFO:        Simulations                   	1515        	1550        .
INFO:        Iterations                    	1           	30          .
INFO:         Upstream outflow ratio       	0.24827474  	0.24271814  .
INFO:         Downstream outflow ratio     	0.01        	0.034696    .
INFO:         Direct discharge ratio       	0.93695898  	0.93695898  .
INFO:         Upstream percolation ratio   	0.32273227  	0.32273227  .
INFO:         Downstream deep percolation ratio	0.5         	0.39506651  .
INFO:         Upstream middle flow ratio   	0.4771676   	0.4771676   .
INFO:         Downstream percolation ratio 	0.11897695  	0.11897695  .
INFO:         Downstream middle flow ratio 	0.35025423  	0.35025423  .
INFO:         "Water-holding Capacity of Forest"	241.01448   	241.01448   .
INFO:         Upstream deep percolation ratio	0.62993279  	0.62993279  .
INFO:        Payoff                        	-353.25444  	-343.20808  .
INFO:        ==============================.
INFO:        Initial point of search.
INFO:          Upstream outflow ratio = 0.347455.
INFO:          Downstream outflow ratio = 0.400081.
INFO:          Direct discharge ratio = 0.247667.
INFO:          Upstream percolation ratio = 0.0613706.
INFO:          Downstream deep percolation ratio = 0.413967.
INFO:         *Upstream middle flow ratio = 0.0593178.
INFO:          Downstream percolation ratio = 0.130059.
INFO:          Downstream middle flow ratio = 0.28513.
INFO:          "Water-holding Capacity of Forest" = 232.762.
INFO:          Upstream deep percolation ratio = 0.352835.
INFO:        Simulations = 1551.
INFO:        NOTE 76 of the simulations caused floating point errors (first was reported).
INFO:        Optimizations = 8.
INFO:        Pass = 3.
INFO:        Payoff = -965.569.
INFO:        ---------------------------------.
INFO:        Maximum payoff found at:.
INFO:          Upstream outflow ratio = 0.242718.
INFO:          Downstream outflow ratio = 0.034696.
INFO:          Direct discharge ratio = 0.936959.
INFO:          Upstream percolation ratio = 0.322732.
INFO:          Downstream deep percolation ratio = 0.395067.
INFO:         *Upstream middle flow ratio = 0.477168.
INFO:          Downstream percolation ratio = 0.118977.
INFO:          Downstream middle flow ratio = 0.350254.
INFO:          "Water-holding Capacity of Forest" = 241.014.
INFO:          Upstream deep percolation ratio = 0.629933.
INFO:        Simulations = 1703.
INFO:        NOTE 90 of the simulations caused floating point errors (first was reported).
INFO:        Optimizations = 8.
INFO:        Pass = 3.
INFO:        Payoff = -343.208.
INFO:        ---------------------------------.
INFO:        This Search                   	Pass 1      	Final       .
INFO:        Simulations                   	1671        	1703        .
INFO:        Iterations                    	2           	33          .
INFO:         Upstream outflow ratio       	0.31305303  	0.27969518  .
INFO:         Downstream outflow ratio     	0.13212559  	0.14233964  .
INFO:         Direct discharge ratio       	0.17939323  	0.20408923  .
INFO:         Upstream percolation ratio   	0.39944163  	0.39944163  .
INFO:         Downstream deep percolation ratio	0.5         	0.5         .
INFO:         Upstream middle flow ratio   	0.2874739   	0.2874739   .
INFO:         Downstream percolation ratio 	0.013467603 	0.013467603 .
INFO:         Downstream middle flow ratio 	0.21441689  	0.21441689  .
INFO:         "Water-holding Capacity of Forest"	235.28153   	235.28153   .
INFO:         Upstream deep percolation ratio	0.84879295  	0.84879295  .
INFO:        Payoff                        	-373.16554  	-370.60791  .
INFO:        ==============================.
INFO:        Floating point error - skipping optimization.
INFO:          Upstream outflow ratio = 0.26965.
INFO:          Downstream outflow ratio = 0.62033.
INFO:          Direct discharge ratio = 0.662755.
INFO:          Upstream percolation ratio = 0.333443.
INFO:          Downstream deep percolation ratio = 0.481722.
INFO:         *Upstream middle flow ratio = 0.550835.
INFO:          Downstream percolation ratio = 0.402499.
INFO:          Downstream middle flow ratio = 0.638187.
INFO:          "Water-holding Capacity of Forest" = 222.006.
INFO:          Upstream deep percolation ratio = 0.831377.
INFO:        Simulations = 1704.
INFO:        NOTE 91 of the simulations caused floating point errors (first was reported).
INFO:        Optimizations = 9.
INFO:        Pass = 3.
INFO:        Payoff = -1.29807e+33.
INFO:        ---------------------------------.
INFO:        Initial point of search.
INFO:          Upstream outflow ratio = 0.81014.
INFO:          Downstream outflow ratio = 0.874566.
INFO:          Direct discharge ratio = 0.675417.
INFO:          Upstream percolation ratio = 0.37438.
INFO:          Downstream deep percolation ratio = 0.0399468.
INFO:         *Upstream middle flow ratio = 0.30349.
INFO:          Downstream percolation ratio = 0.279332.
INFO:          Downstream middle flow ratio = 0.609794.
INFO:          "Water-holding Capacity of Forest" = 154.435.
INFO:          Upstream deep percolation ratio = 0.51133.
INFO:        Simulations = 1705.
INFO:        NOTE 91 of the simulations caused floating point errors (first was reported).
INFO:        Optimizations = 10.
INFO:        Pass = 3.
INFO:        Payoff = -6693.38.
INFO:        ---------------------------------.
INFO:        Maximum payoff found at:.
INFO:          Upstream outflow ratio = 0.242718.
INFO:          Downstream outflow ratio = 0.034696.
INFO:          Direct discharge ratio = 0.936959.
INFO:          Upstream percolation ratio = 0.322732.
INFO:          Downstream deep percolation ratio = 0.395067.
INFO:          Upstream middle flow ratio = 0.477168.
INFO:          Downstream percolation ratio = 0.118977.
INFO:          Downstream middle flow ratio = 0.350254.
INFO:          "Water-holding Capacity of Forest" = 241.014.
INFO:         *Upstream deep percolation ratio = 0.629933.
INFO:        Simulations = 2211.
INFO:        NOTE 107 of the simulations caused floating point errors (first was reported).
INFO:        Optimizations = 10.
INFO:        Pass = 3.
INFO:        Payoff = -343.208.
INFO:        ---------------------------------.
INFO:        This Search                   	Pass 1      	Final       .
INFO:        Simulations                   	2076        	2211        .
INFO:        Iterations                    	9           	46          .
INFO:         Upstream outflow ratio       	0.19196416  	0.19222876  .
INFO:         Downstream outflow ratio     	0.87456592  	0.87456592  .
INFO:         Direct discharge ratio       	0.01        	0.01        .
INFO:         Upstream percolation ratio   	0.49654128  	0.49654128  .
INFO:         Downstream deep percolation ratio	0.049456161 	0.049323861 .
INFO:         Upstream middle flow ratio   	0.01        	0.01        .
INFO:         Downstream percolation ratio 	0.5         	0.5         .
INFO:         Downstream middle flow ratio 	0.020275658 	0.020275658 .
INFO:         "Water-holding Capacity of Forest"	238.90564   	238.90564   .
INFO:         Upstream deep percolation ratio	0.99        	0.99        .
INFO:        Payoff                        	-417.82033  	-417.81714  .
INFO:        ==============================.
INFO:        Maximum of simulations/optimizations found at:.
INFO:          Upstream outflow ratio = 0.242718.
INFO:          Downstream outflow ratio = 0.034696.
INFO:          Direct discharge ratio = 0.936959.
INFO:          Upstream percolation ratio = 0.322732.
INFO:          Downstream deep percolation ratio = 0.395067.
INFO:          Upstream middle flow ratio = 0.477168.
INFO:          Downstream percolation ratio = 0.118977.
INFO:          Downstream middle flow ratio = 0.350254.
INFO:          "Water-holding Capacity of Forest" = 241.014.
INFO:         *Upstream deep percolation ratio = 0.629933.
INFO:        Simulations = 2211.
INFO:        NOTE 107 of the simulations caused floating point errors (first was reported).
INFO:        Optimizations = 10.
INFO:        Pass = 3.
INFO:        Payoff = -343.208.
INFO:        ---------------------------------.
