INFO:        Initial point of search.
INFO:          Upstream outflow ratio = 0.5.
INFO:          Downstream outflow ratio = 0.5.
INFO:          Direct discharge ratio = 0.97.
INFO:          Upstream percolation ratio = 0.2.
INFO:          Downstream deep percolation ratio = 0.2.
INFO:          Upstream middle flow ratio = 0.5.
INFO:          Downstream percolation ratio = 0.2.
INFO:          Downstream middle flow ratio = 0.5.
INFO:          "Water-holding Capacity of Forest" = 200.
INFO:          Upstream deep percolation ratio = 0.5.
INFO:        Simulations = 1.
INFO:        Optimizations = 1.
INFO:        Pass = 0.
INFO:        Payoff = -3024.56.
INFO:        ---------------------------------.
INFO:        NOTE Payoff (-2839.9) realized at multiple parameter values.
INFO:        With "Water-holding Capacity of Forest" = 228.967 and 250.
INFO:        NOTE Payoff (-2839.9) realized at multiple parameter values.
INFO:        With "Water-holding Capacity of Forest" = 250 and 239.484.
INFO:        NOTE Payoff (-2839.67) realized at multiple parameter values.
INFO:        With "Water-holding Capacity of Forest" = 228.967 and 239.484.
INFO:        NOTE Payoff (-2839.67) realized at multiple parameter values.
INFO:        With "Water-holding Capacity of Forest" = 239.484 and 250.
INFO:        NOTE Payoff (-2839.62) realized at multiple parameter values.
INFO:        With "Water-holding Capacity of Forest" = 228.967 and 239.484.
INFO:        NOTE Payoff (-2839.62) realized at multiple parameter values.
INFO:        With "Water-holding Capacity of Forest" = 239.484 and 250.
INFO:        NOTE Payoff (-2839.47) realized at multiple parameter values.
INFO:        With "Water-holding Capacity of Forest" = 228.967 and 239.484.
INFO:        NOTE Payoff (-2839.47) realized at multiple parameter values.
INFO:        With "Water-holding Capacity of Forest" = 239.484 and 250.
INFO:        NOTE Payoff (-2839.37) realized at multiple parameter values.
INFO:        With "Water-holding Capacity of Forest" = 228.967 and 239.484.
INFO:        NOTE Payoff (-2839.37) realized at multiple parameter values.
INFO:        With "Water-holding Capacity of Forest" = 239.484 and 250.
INFO:        NOTE Payoff (-2839.26) realized at multiple parameter values.
INFO:        With "Water-holding Capacity of Forest" = 228.967 and 239.484.
INFO:        NOTE Payoff (-2839.26) realized at multiple parameter values.
INFO:        With "Water-holding Capacity of Forest" = 239.484 and 250.
INFO:        NOTE Payoff (-2839.19) realized at multiple parameter values.
INFO:        With "Water-holding Capacity of Forest" = 239.484 and 250.
INFO:        NOTE Payoff (-2839.19) realized at multiple parameter values.
INFO:        With "Water-holding Capacity of Forest" = 250 and 244.742.
INFO:        NOTE Payoff (-2838.95) realized at multiple parameter values.
INFO:        With "Water-holding Capacity of Forest" = 250 and 247.48.
INFO:        NOTE Payoff (-2838.95) realized at multiple parameter values.
INFO:        With "Water-holding Capacity of Forest" = 247.48 and 243.403.
INFO:        NOTE Payoff (-2838.95) realized at multiple parameter values.
INFO:        With "Water-holding Capacity of Forest" = 243.403 and 247.48.
INFO:        NOTE Payoff (-2838.95) realized at multiple parameter values.
INFO:        With "Water-holding Capacity of Forest" = 247.48 and 243.403.
INFO:        NOTE Payoff (-2838.95) realized at multiple parameter values.
INFO:        With "Water-holding Capacity of Forest" = 250 and 247.48.
INFO:        NOTE Payoff (-2838.95) realized at multiple parameter values.
INFO:        With "Water-holding Capacity of Forest" = 247.48 and 243.403.
INFO:        Maximum payoff found at:.
INFO:         *Upstream outflow ratio = 0.385947.
INFO:         *Downstream outflow ratio = 0.0209817.
INFO:         *Direct discharge ratio = 0.967.
INFO:         *Upstream percolation ratio = 0.219728.
INFO:         *Downstream deep percolation ratio = 0.12034.
INFO:         *Upstream middle flow ratio = 0.01.
INFO:         *Downstream percolation ratio = 0.196922.
INFO:         *Downstream middle flow ratio = 0.151471.
INFO:         *"Water-holding Capacity of Forest" = 250.
INFO:         *Upstream deep percolation ratio = 0.0356956.
INFO:        Simulations = 848.
INFO:        Optimizations = 1.
INFO:        Pass = 3.
INFO:        Payoff = -2838.95.
INFO:        ---------------------------------.
INFO:        This Search                   	Pass 1      	Final       .
INFO:        Simulations                   	703         	848         .
INFO:        Iterations                    	13          	16          .
INFO:         Upstream outflow ratio       	0.39123867  	0.38594667  .
INFO:         Downstream outflow ratio     	0.019981653 	0.02098171  .
INFO:         Direct discharge ratio       	0.96699988  	0.96699988  .
INFO:         Upstream percolation ratio   	0.21917519  	0.21972822  .
INFO:         Downstream deep percolation ratio	0.12150971  	0.12033989  .
INFO:         Upstream middle flow ratio   	0.01        	0.01        .
INFO:         Downstream percolation ratio 	0.19345033  	0.19692171  .
INFO:         Downstream middle flow ratio 	0.15238234  	0.15147119  .
INFO:         "Water-holding Capacity of Forest"	250         	250         .
INFO:         Upstream deep percolation ratio	0.035250156 	0.035695556 .
INFO:        Payoff                        	-2838.9527  	-2838.9491  .
INFO:        ==============================.
INFO:        Initial point of search.
INFO:         *Upstream outflow ratio = 0.322676.
INFO:         *Downstream outflow ratio = 0.373779.
INFO:         *Direct discharge ratio = 0.632486.
INFO:         *Upstream percolation ratio = 0.33925.
INFO:         *Downstream deep percolation ratio = 0.383622.
INFO:         *Upstream middle flow ratio = 0.229212.
INFO:         *Downstream percolation ratio = 0.49972.
INFO:         *Downstream middle flow ratio = 0.34425.
INFO:         *"Water-holding Capacity of Forest" = 221.05.
INFO:         *Upstream deep percolation ratio = 0.270104.
INFO:        Simulations = 849.
INFO:        Optimizations = 2.
INFO:        Pass = 3.
INFO:        Payoff = -2857.45.
INFO:        ---------------------------------.
INFO:        ------------------.
INFO:        Floating point error during optimization with.
INFO:        .
INFO:         *Upstream outflow ratio = 0.256279.
INFO:         *Downstream outflow ratio = 0.118558.
INFO:         *Direct discharge ratio = 0.681878.
INFO:         *Upstream percolation ratio = 0.368799.
INFO:         *Downstream deep percolation ratio = 0.347482.
INFO:         *Upstream middle flow ratio = 0.248351.
INFO:         *Downstream percolation ratio = 0.0747.
INFO:         *Downstream middle flow ratio = 0.0643388.
INFO:         *"Water-holding Capacity of Forest" = 221.05.
INFO:         *Upstream deep percolation ratio = 0.99.
INFO:        ------------------.
INFO:        Maximum payoff found at:.
INFO:          Upstream outflow ratio = 0.385947.
INFO:          Downstream outflow ratio = 0.0209817.
INFO:          Direct discharge ratio = 0.967.
INFO:          Upstream percolation ratio = 0.219728.
INFO:          Downstream deep percolation ratio = 0.12034.
INFO:         *Upstream middle flow ratio = 0.01.
INFO:          Downstream percolation ratio = 0.196922.
INFO:          Downstream middle flow ratio = 0.151471.
INFO:          "Water-holding Capacity of Forest" = 250.
INFO:          Upstream deep percolation ratio = 0.0356956.
INFO:        Simulations = 968.
INFO:        NOTE 9 of the simulations caused floating point errors (first was reported).
INFO:        Optimizations = 2.
INFO:        Pass = 3.
INFO:        Payoff = -2838.95.
INFO:        ---------------------------------.
INFO:        This Search                   	Pass 1      	Final       .
INFO:        Simulations                   	928         	968         .
INFO:        Iterations                    	1           	18          .
INFO:         Upstream outflow ratio       	0.25627887  	0.2657119   .
INFO:         Downstream outflow ratio     	0.11855829  	0.13417441  .
INFO:         Direct discharge ratio       	0.68187778  	0.70657378  .
INFO:         Upstream percolation ratio   	0.36879906  	0.37157736  .
INFO:         Downstream deep percolation ratio	0.34748174  	0.1198179   .
INFO:         Upstream middle flow ratio   	0.24835149  	0.24835149  .
INFO:         Downstream percolation ratio 	0.074699979 	0.074699979 .
INFO:         Downstream middle flow ratio 	0.064338817 	0.064338817 .
INFO:         "Water-holding Capacity of Forest"	221.04964   	221.04964   .
INFO:         Upstream deep percolation ratio	0.94535571  	0.94535571  .
INFO:        Payoff                        	-2839.456   	-2839.2102  .
INFO:        ==============================.
INFO:        Floating point error - skipping optimization.
INFO:          Upstream outflow ratio = 0.552146.
INFO:          Downstream outflow ratio = 0.262116.
INFO:          Direct discharge ratio = 0.227355.
INFO:          Upstream percolation ratio = 0.0943237.
INFO:          Downstream deep percolation ratio = 0.439533.
INFO:         *Upstream middle flow ratio = 0.442959.
INFO:          Downstream percolation ratio = 0.387664.
INFO:          Downstream middle flow ratio = 0.0291899.
INFO:          "Water-holding Capacity of Forest" = 200.466.
INFO:          Upstream deep percolation ratio = 0.960811.
INFO:        Simulations = 969.
INFO:        NOTE 10 of the simulations caused floating point errors (first was reported).
INFO:        Optimizations = 3.
INFO:        Pass = 3.
INFO:        Payoff = -1.29807e+33.
INFO:        ---------------------------------.
INFO:        Initial point of search.
INFO:          Upstream outflow ratio = 0.146183.
INFO:          Downstream outflow ratio = 0.44564.
INFO:          Direct discharge ratio = 0.535557.
INFO:          Upstream percolation ratio = 0.110481.
INFO:          Downstream deep percolation ratio = 0.0806899.
INFO:         *Upstream middle flow ratio = 0.478632.
INFO:          Downstream percolation ratio = 0.161015.
INFO:          Downstream middle flow ratio = 0.780569.
INFO:          "Water-holding Capacity of Forest" = 156.554.
INFO:          Upstream deep percolation ratio = 0.415241.
INFO:        Simulations = 970.
INFO:        NOTE 10 of the simulations caused floating point errors (first was reported).
INFO:        Optimizations = 4.
INFO:        Pass = 3.
INFO:        Payoff = -3021.13.
INFO:        ---------------------------------.
INFO:        Maximum payoff found at:.
INFO:          Upstream outflow ratio = 0.385947.
INFO:          Downstream outflow ratio = 0.0209817.
INFO:         *Direct discharge ratio = 0.967.
INFO:          Upstream percolation ratio = 0.219728.
INFO:          Downstream deep percolation ratio = 0.12034.
INFO:          Upstream middle flow ratio = 0.01.
INFO:          Downstream percolation ratio = 0.196922.
INFO:          Downstream middle flow ratio = 0.151471.
INFO:          "Water-holding Capacity of Forest" = 250.
INFO:          Upstream deep percolation ratio = 0.0356956.
INFO:        Simulations = 1140.
INFO:        NOTE 34 of the simulations caused floating point errors (first was reported).
INFO:        Optimizations = 4.
INFO:        Pass = 3.
INFO:        Payoff = -2838.95.
INFO:        ---------------------------------.
INFO:        This Search                   	Pass 1      	Final       .
INFO:        Simulations                   	1124        	1140        .
INFO:        Iterations                    	3           	22          .
INFO:         Upstream outflow ratio       	0.36277451  	0.36277451  .
INFO:         Downstream outflow ratio     	0.021977523 	0.027534123 .
INFO:         Direct discharge ratio       	0.23754886  	0.23754886  .
INFO:         Upstream percolation ratio   	0.4921177   	0.4921177   .
INFO:         Downstream deep percolation ratio	0.22231187  	0.22231187  .
INFO:         Upstream middle flow ratio   	0.53301246  	0.53301246  .
INFO:         Downstream percolation ratio 	0.10691841  	0.10691841  .
INFO:         Downstream middle flow ratio 	0.37556082  	0.37556082  .
INFO:         "Water-holding Capacity of Forest"	156.55375   	156.55375   .
INFO:         Upstream deep percolation ratio	0.54398239  	0.54398239  .
INFO:        Payoff                        	-2839.5079  	-2839.4981  .
INFO:        ==============================.
INFO:        Floating point error - skipping optimization.
INFO:          Upstream outflow ratio = 0.516859.
INFO:          Downstream outflow ratio = 0.965621.
INFO:         *Direct discharge ratio = 0.176465.
INFO:          Upstream percolation ratio = 0.455706.
INFO:          Downstream deep percolation ratio = 0.219721.
INFO:          Upstream middle flow ratio = 0.897392.
INFO:          Downstream percolation ratio = 0.220671.
INFO:          Downstream middle flow ratio = 0.894676.
INFO:          "Water-holding Capacity of Forest" = 211.749.
INFO:          Upstream deep percolation ratio = 0.174543.
INFO:        Simulations = 1141.
INFO:        NOTE 35 of the simulations caused floating point errors (first was reported).
INFO:        Optimizations = 5.
INFO:        Pass = 3.
INFO:        Payoff = -1.29807e+33.
INFO:        ---------------------------------.
INFO:        Floating point error - skipping optimization.
INFO:          Upstream outflow ratio = 0.515256.
INFO:          Downstream outflow ratio = 0.0975119.
INFO:         *Direct discharge ratio = 0.542585.
INFO:          Upstream percolation ratio = 0.206831.
INFO:          Downstream deep percolation ratio = 0.251362.
INFO:          Upstream middle flow ratio = 0.577567.
INFO:          Downstream percolation ratio = 0.384521.
INFO:          Downstream middle flow ratio = 0.654259.
INFO:          "Water-holding Capacity of Forest" = 215.943.
INFO:          Upstream deep percolation ratio = 0.952623.
INFO:        Simulations = 1142.
INFO:        NOTE 36 of the simulations caused floating point errors (first was reported).
INFO:        Optimizations = 6.
INFO:        Pass = 3.
INFO:        Payoff = -1.29807e+33.
INFO:        ---------------------------------.
INFO:        Initial point of search.
INFO:          Upstream outflow ratio = 0.977318.
INFO:          Downstream outflow ratio = 0.53243.
INFO:         *Direct discharge ratio = 0.936959.
INFO:          Upstream percolation ratio = 0.325511.
INFO:          Downstream deep percolation ratio = 0.0107548.
INFO:          Upstream middle flow ratio = 0.733988.
INFO:          Downstream percolation ratio = 0.296524.
INFO:          Downstream middle flow ratio = 0.344698.
INFO:          "Water-holding Capacity of Forest" = 241.014.
INFO:          Upstream deep percolation ratio = 0.169468.
INFO:        Simulations = 1143.
INFO:        NOTE 36 of the simulations caused floating point errors (first was reported).
INFO:        Optimizations = 7.
INFO:        Pass = 3.
INFO:        Payoff = -3347.27.
INFO:        ---------------------------------.
INFO:        NOTE Payoff (-2838.68) realized at multiple parameter values.
INFO:        With "Water-holding Capacity of Forest" = 241.014 and 243.534.
INFO:        NOTE Payoff (-2838.68) realized at multiple parameter values.
INFO:        With "Water-holding Capacity of Forest" = 243.534 and 247.612.
INFO:        Maximum payoff found at:.
INFO:          Upstream outflow ratio = 0.243246.
INFO:          Downstream outflow ratio = 0.0261398.
INFO:          Direct discharge ratio = 0.936959.
INFO:          Upstream percolation ratio = 0.322732.
INFO:          Downstream deep percolation ratio = 0.275572.
INFO:         *Upstream middle flow ratio = 0.475379.
INFO:          Downstream percolation ratio = 0.119704.
INFO:          Downstream middle flow ratio = 0.293538.
INFO:          "Water-holding Capacity of Forest" = 241.014.
INFO:          Upstream deep percolation ratio = 0.631308.
INFO:        Simulations = 1356.
INFO:        NOTE 58 of the simulations caused floating point errors (first was reported).
INFO:        Optimizations = 7.
INFO:        Pass = 3.
INFO:        Payoff = -2838.66.
INFO:        ---------------------------------.
INFO:        This Search                   	Pass 1      	Final       .
INFO:        Simulations                   	1322        	1356        .
INFO:        Iterations                    	3           	26          .
INFO:         Upstream outflow ratio       	0.24324627  	0.24324627  .
INFO:         Downstream outflow ratio     	0.031696391 	0.026139791 .
INFO:         Direct discharge ratio       	0.93695898  	0.93695898  .
INFO:         Upstream percolation ratio   	0.32273227  	0.32273227  .
INFO:         Downstream deep percolation ratio	0.30971914  	0.27557179  .
INFO:         Upstream middle flow ratio   	0.4753786   	0.4753786   .
INFO:         Downstream percolation ratio 	0.11970391  	0.11970391  .
INFO:         Downstream middle flow ratio 	0.29353789  	0.29353789  .
INFO:         "Water-holding Capacity of Forest"	241.01448   	241.01448   .
INFO:         Upstream deep percolation ratio	0.63130808  	0.63130808  .
INFO:        Payoff                        	-2838.6661  	-2838.6561  .
INFO:        ==============================.
INFO:        Initial point of search.
INFO:          Upstream outflow ratio = 0.347455.
INFO:          Downstream outflow ratio = 0.400081.
INFO:          Direct discharge ratio = 0.247667.
INFO:          Upstream percolation ratio = 0.0613706.
INFO:          Downstream deep percolation ratio = 0.413967.
INFO:         *Upstream middle flow ratio = 0.0593178.
INFO:          Downstream percolation ratio = 0.130059.
INFO:          Downstream middle flow ratio = 0.28513.
INFO:          "Water-holding Capacity of Forest" = 232.762.
INFO:          Upstream deep percolation ratio = 0.352835.
INFO:        Simulations = 1357.
INFO:        NOTE 58 of the simulations caused floating point errors (first was reported).
INFO:        Optimizations = 8.
INFO:        Pass = 3.
INFO:        Payoff = -2863.62.
INFO:        ---------------------------------.
INFO:        Maximum payoff found at:.
INFO:          Upstream outflow ratio = 0.243246.
INFO:          Downstream outflow ratio = 0.0261398.
INFO:          Direct discharge ratio = 0.936959.
INFO:          Upstream percolation ratio = 0.322732.
INFO:          Downstream deep percolation ratio = 0.275572.
INFO:         *Upstream middle flow ratio = 0.475379.
INFO:          Downstream percolation ratio = 0.119704.
INFO:          Downstream middle flow ratio = 0.293538.
INFO:          "Water-holding Capacity of Forest" = 241.014.
INFO:          Upstream deep percolation ratio = 0.631308.
INFO:        Simulations = 1509.
INFO:        NOTE 72 of the simulations caused floating point errors (first was reported).
INFO:        Optimizations = 8.
INFO:        Pass = 3.
INFO:        Payoff = -2838.66.
INFO:        ---------------------------------.
INFO:        This Search                   	Pass 1      	Final       .
INFO:        Simulations                   	1477        	1509        .
INFO:        Iterations                    	2           	29          .
INFO:         Upstream outflow ratio       	0.31305303  	0.28038456  .
INFO:         Downstream outflow ratio     	0.1315227   	0.14171598  .
INFO:         Direct discharge ratio       	0.17939323  	0.20408923  .
INFO:         Upstream percolation ratio   	0.39959595  	0.39959595  .
INFO:         Downstream deep percolation ratio	0.5         	0.5         .
INFO:         Upstream middle flow ratio   	0.28758104  	0.28758104  .
INFO:         Downstream percolation ratio 	0.013467603 	0.013467603 .
INFO:         Downstream middle flow ratio 	0.21585609  	0.21585609  .
INFO:         "Water-holding Capacity of Forest"	235.28153   	235.28153   .
INFO:         Upstream deep percolation ratio	0.84854182  	0.84854182  .
INFO:        Payoff                        	-2839.9002  	-2839.7995  .
INFO:        ==============================.
INFO:        Floating point error - skipping optimization.
INFO:          Upstream outflow ratio = 0.26965.
INFO:          Downstream outflow ratio = 0.62033.
INFO:          Direct discharge ratio = 0.662755.
INFO:          Upstream percolation ratio = 0.333443.
INFO:          Downstream deep percolation ratio = 0.481722.
INFO:         *Upstream middle flow ratio = 0.550835.
INFO:          Downstream percolation ratio = 0.402499.
INFO:          Downstream middle flow ratio = 0.638187.
INFO:          "Water-holding Capacity of Forest" = 222.006.
INFO:          Upstream deep percolation ratio = 0.831377.
INFO:        Simulations = 1510.
INFO:        NOTE 73 of the simulations caused floating point errors (first was reported).
INFO:        Optimizations = 9.
INFO:        Pass = 3.
INFO:        Payoff = -1.29807e+33.
INFO:        ---------------------------------.
INFO:        Initial point of search.
INFO:          Upstream outflow ratio = 0.81014.
INFO:          Downstream outflow ratio = 0.874566.
INFO:          Direct discharge ratio = 0.675417.
INFO:          Upstream percolation ratio = 0.37438.
INFO:          Downstream deep percolation ratio = 0.0399468.
INFO:         *Upstream middle flow ratio = 0.30349.
INFO:          Downstream percolation ratio = 0.279332.
INFO:          Downstream middle flow ratio = 0.609794.
INFO:          "Water-holding Capacity of Forest" = 154.435.
INFO:          Upstream deep percolation ratio = 0.51133.
INFO:        Simulations = 1511.
INFO:        NOTE 73 of the simulations caused floating point errors (first was reported).
INFO:        Optimizations = 10.
INFO:        Pass = 3.
INFO:        Payoff = -3092.76.
INFO:        ---------------------------------.
INFO:        Maximum payoff found at:.
INFO:          Upstream outflow ratio = 0.243246.
INFO:          Downstream outflow ratio = 0.0261398.
INFO:          Direct discharge ratio = 0.936959.
INFO:          Upstream percolation ratio = 0.322732.
INFO:          Downstream deep percolation ratio = 0.275572.
INFO:          Upstream middle flow ratio = 0.475379.
INFO:          Downstream percolation ratio = 0.119704.
INFO:          Downstream middle flow ratio = 0.293538.
INFO:          "Water-holding Capacity of Forest" = 241.014.
INFO:         *Upstream deep percolation ratio = 0.631308.
INFO:        Simulations = 2021.
INFO:        NOTE 90 of the simulations caused floating point errors (first was reported).
INFO:        Optimizations = 10.
INFO:        Pass = 3.
INFO:        Payoff = -2838.66.
INFO:        ---------------------------------.
INFO:        This Search                   	Pass 1      	Final       .
INFO:        Simulations                   	1946        	2021        .
INFO:        Iterations                    	10          	41          .
INFO:         Upstream outflow ratio       	0.1794182   	0.1794182   .
INFO:         Downstream outflow ratio     	0.87456592  	0.87456592  .
INFO:         Direct discharge ratio       	0.01        	0.01        .
INFO:         Upstream percolation ratio   	0.40476731  	0.40476731  .
INFO:         Downstream deep percolation ratio	0.048988012 	0.048988012 .
INFO:         Upstream middle flow ratio   	0.01        	0.01        .
INFO:         Downstream percolation ratio 	0.5         	0.5         .
INFO:         Downstream middle flow ratio 	0.01        	0.01        .
INFO:         "Water-holding Capacity of Forest"	250         	250         .
INFO:         Upstream deep percolation ratio	0.99        	0.99        .
INFO:        Payoff                        	-2841.6581  	-2841.6581  .
INFO:        ==============================.
INFO:        Maximum of simulations/optimizations found at:.
INFO:          Upstream outflow ratio = 0.243246.
INFO:          Downstream outflow ratio = 0.0261398.
INFO:          Direct discharge ratio = 0.936959.
INFO:          Upstream percolation ratio = 0.322732.
INFO:          Downstream deep percolation ratio = 0.275572.
INFO:          Upstream middle flow ratio = 0.475379.
INFO:          Downstream percolation ratio = 0.119704.
INFO:          Downstream middle flow ratio = 0.293538.
INFO:          "Water-holding Capacity of Forest" = 241.014.
INFO:         *Upstream deep percolation ratio = 0.631308.
INFO:        Simulations = 2021.
INFO:        NOTE 90 of the simulations caused floating point errors (first was reported).
INFO:        Optimizations = 10.
INFO:        Pass = 3.
INFO:        Payoff = -2838.66.
INFO:        ---------------------------------.
