INFO:        Initial point of search.
INFO:          Upstream outflow ratio = 0.5.
INFO:          Downstream outflow ratio = 0.5.
INFO:          Direct discharge ratio = 0.97.
INFO:          Upstream percolation ratio = 0.2.
INFO:          Downstream deep percolation ratio = 0.2.
INFO:          Upstream middle flow ratio = 0.5.
INFO:          Downstream percolation ratio = 0.2.
INFO:          Downstream middle flow ratio = 0.5.
INFO:          "Water-holding Capacity of Forest" = 200.
INFO:          Upstream deep percolation ratio = 0.5.
INFO:        Simulations = 1.
INFO:        Optimizations = 1.
INFO:        Pass = 0.
INFO:        Payoff = -52187.7.
INFO:        ---------------------------------.
INFO:        NOTE Payoff (-2179.23) realized at multiple parameter values.
INFO:        With "Water-holding Capacity of Forest" = 200 and 202.52.
INFO:        NOTE Payoff (-2179.23) realized at multiple parameter values.
INFO:        With "Water-holding Capacity of Forest" = 202.52 and 206.597.
INFO:        ------------------.
INFO:        Floating point error during optimization with.
INFO:        .
INFO:         *Upstream outflow ratio = 0.138939.
INFO:         *Downstream outflow ratio = 0.01.
INFO:         *Direct discharge ratio = 0.969942.
INFO:         *Upstream percolation ratio = 0.5.
INFO:         *Downstream deep percolation ratio = 0.5.
INFO:         *Upstream middle flow ratio = 0.255.
INFO:         *Downstream percolation ratio = 0.01.
INFO:         *Downstream middle flow ratio = 0.01.
INFO:         *"Water-holding Capacity of Forest" = 200.
INFO:         *Upstream deep percolation ratio = 0.99.
INFO:        ------------------.
INFO:        NOTE Payoff (-792.928) realized at multiple parameter values.
INFO:        With "Water-holding Capacity of Forest" = 228.841 and 244.12.
INFO:        NOTE Payoff (-792.928) realized at multiple parameter values.
INFO:        With "Water-holding Capacity of Forest" = 244.12 and 236.48.
INFO:        Maximum payoff found at:.
INFO:          Upstream outflow ratio = 0.0970167.
INFO:          Downstream outflow ratio = 0.01.
INFO:          Direct discharge ratio = 0.98559.
INFO:          Upstream percolation ratio = 0.5.
INFO:          Downstream deep percolation ratio = 0.5.
INFO:          Upstream middle flow ratio = 0.01.
INFO:          Downstream percolation ratio = 0.5.
INFO:          Downstream middle flow ratio = 0.01.
INFO:          "Water-holding Capacity of Forest" = 250.
INFO:         *Upstream deep percolation ratio = 0.99.
INFO:        Simulations = 408.
INFO:        NOTE 8 of the simulations caused floating point errors (first was reported).
INFO:        Optimizations = 1.
INFO:        Pass = 3.
INFO:        Payoff = -657.545.
INFO:        ---------------------------------.
INFO:        This Search                   	Pass 1      	Final       .
INFO:        Simulations                   	338         	408         .
INFO:        Iterations                    	9           	11          .
INFO:         Upstream outflow ratio       	0.097016727 	0.097016727 .
INFO:         Downstream outflow ratio     	0.01        	0.01        .
INFO:         Direct discharge ratio       	0.98559     	0.98559     .
INFO:         Upstream percolation ratio   	0.5         	0.5         .
INFO:         Downstream deep percolation ratio	0.5         	0.5         .
INFO:         Upstream middle flow ratio   	0.01        	0.01        .
INFO:         Downstream percolation ratio 	0.5         	0.5         .
INFO:         Downstream middle flow ratio 	0.01        	0.01        .
INFO:         "Water-holding Capacity of Forest"	250         	250         .
INFO:         Upstream deep percolation ratio	0.99        	0.99        .
INFO:        Payoff                        	-657.54545  	-657.54545  .
INFO:        ==============================.
INFO:        Initial point of search.
INFO:          Upstream outflow ratio = 0.322676.
INFO:          Downstream outflow ratio = 0.373779.
INFO:          Direct discharge ratio = 0.632486.
INFO:          Upstream percolation ratio = 0.33925.
INFO:          Downstream deep percolation ratio = 0.383622.
INFO:          Upstream middle flow ratio = 0.229212.
INFO:          Downstream percolation ratio = 0.49972.
INFO:          Downstream middle flow ratio = 0.34425.
INFO:          "Water-holding Capacity of Forest" = 221.05.
INFO:         *Upstream deep percolation ratio = 0.270104.
INFO:        Simulations = 409.
INFO:        NOTE 8 of the simulations caused floating point errors (first was reported).
INFO:        Optimizations = 2.
INFO:        Pass = 3.
INFO:        Payoff = -15953.6.
INFO:        ---------------------------------.
INFO:        Maximum payoff found at:.
INFO:          Upstream outflow ratio = 0.0783611.
INFO:          Downstream outflow ratio = 0.01.
INFO:          Direct discharge ratio = 0.639001.
INFO:          Upstream percolation ratio = 0.5.
INFO:          Downstream deep percolation ratio = 0.5.
INFO:          Upstream middle flow ratio = 0.01.
INFO:          Downstream percolation ratio = 0.5.
INFO:          Downstream middle flow ratio = 0.01.
INFO:          "Water-holding Capacity of Forest" = 250.
INFO:         *Upstream deep percolation ratio = 0.99.
INFO:        Simulations = 913.
INFO:        NOTE 8 of the simulations caused floating point errors (first was reported).
INFO:        Optimizations = 2.
INFO:        Pass = 3.
INFO:        Payoff = -535.293.
INFO:        ---------------------------------.
INFO:        This Search                   	Pass 1      	Final       .
INFO:        Simulations                   	837         	913         .
INFO:        Iterations                    	12          	25          .
INFO:         Upstream outflow ratio       	0.078361098 	0.078361098 .
INFO:         Downstream outflow ratio     	0.01        	0.01        .
INFO:         Direct discharge ratio       	0.6390011   	0.6390011   .
INFO:         Upstream percolation ratio   	0.5         	0.5         .
INFO:         Downstream deep percolation ratio	0.5         	0.5         .
INFO:         Upstream middle flow ratio   	0.01        	0.01        .
INFO:         Downstream percolation ratio 	0.5         	0.5         .
INFO:         Downstream middle flow ratio 	0.01        	0.01        .
INFO:         "Water-holding Capacity of Forest"	250         	250         .
INFO:         Upstream deep percolation ratio	0.99        	0.99        .
INFO:        Payoff                        	-535.29263  	-535.29263  .
INFO:        ==============================.
INFO:        Floating point error - skipping optimization.
INFO:          Upstream outflow ratio = 0.552146.
INFO:          Downstream outflow ratio = 0.262116.
INFO:          Direct discharge ratio = 0.227355.
INFO:          Upstream percolation ratio = 0.0943237.
INFO:          Downstream deep percolation ratio = 0.439533.
INFO:          Upstream middle flow ratio = 0.442959.
INFO:          Downstream percolation ratio = 0.387664.
INFO:          Downstream middle flow ratio = 0.0291899.
INFO:          "Water-holding Capacity of Forest" = 200.466.
INFO:         *Upstream deep percolation ratio = 0.960811.
INFO:        Simulations = 914.
INFO:        NOTE 9 of the simulations caused floating point errors (first was reported).
INFO:        Optimizations = 3.
INFO:        Pass = 3.
INFO:        Payoff = -1.29807e+33.
INFO:        ---------------------------------.
INFO:        Initial point of search.
INFO:          Upstream outflow ratio = 0.146183.
INFO:          Downstream outflow ratio = 0.44564.
INFO:          Direct discharge ratio = 0.535557.
INFO:          Upstream percolation ratio = 0.110481.
INFO:          Downstream deep percolation ratio = 0.0806899.
INFO:          Upstream middle flow ratio = 0.478632.
INFO:          Downstream percolation ratio = 0.161015.
INFO:          Downstream middle flow ratio = 0.780569.
INFO:          "Water-holding Capacity of Forest" = 156.554.
INFO:         *Upstream deep percolation ratio = 0.415241.
INFO:        Simulations = 915.
INFO:        NOTE 9 of the simulations caused floating point errors (first was reported).
INFO:        Optimizations = 4.
INFO:        Pass = 3.
INFO:        Payoff = -54702.6.
INFO:        ---------------------------------.
INFO:        Maximum payoff found at:.
INFO:          Upstream outflow ratio = 0.0783611.
INFO:          Downstream outflow ratio = 0.01.
INFO:          Direct discharge ratio = 0.639001.
INFO:          Upstream percolation ratio = 0.5.
INFO:          Downstream deep percolation ratio = 0.5.
INFO:          Upstream middle flow ratio = 0.01.
INFO:          Downstream percolation ratio = 0.5.
INFO:          Downstream middle flow ratio = 0.01.
INFO:          "Water-holding Capacity of Forest" = 250.
INFO:         *Upstream deep percolation ratio = 0.99.
INFO:        Simulations = 1507.
INFO:        NOTE 18 of the simulations caused floating point errors (first was reported).
INFO:        Optimizations = 4.
INFO:        Pass = 3.
INFO:        Payoff = -535.293.
INFO:        ---------------------------------.
INFO:        This Search                   	Pass 1      	Final       .
INFO:        Simulations                   	1298        	1507        .
INFO:        Iterations                    	10          	41          .
INFO:         Upstream outflow ratio       	0.088407438 	0.086535471 .
INFO:         Downstream outflow ratio     	0.01        	0.01        .
INFO:         Direct discharge ratio       	0.52136331  	0.51069755  .
INFO:         Upstream percolation ratio   	0.5         	0.5         .
INFO:         Downstream deep percolation ratio	0.5         	0.5         .
INFO:         Upstream middle flow ratio   	0.01        	0.01        .
INFO:         Downstream percolation ratio 	0.5         	0.5         .
INFO:         Downstream middle flow ratio 	0.01        	0.01        .
INFO:         "Water-holding Capacity of Forest"	250         	250         .
INFO:         Upstream deep percolation ratio	0.99        	0.99        .
INFO:        Payoff                        	-551.13051  	-547.08943  .
INFO:        ==============================.
INFO:        Floating point error - skipping optimization.
INFO:          Upstream outflow ratio = 0.516859.
INFO:          Downstream outflow ratio = 0.965621.
INFO:          Direct discharge ratio = 0.176465.
INFO:          Upstream percolation ratio = 0.455706.
INFO:          Downstream deep percolation ratio = 0.219721.
INFO:          Upstream middle flow ratio = 0.897392.
INFO:          Downstream percolation ratio = 0.220671.
INFO:          Downstream middle flow ratio = 0.894676.
INFO:          "Water-holding Capacity of Forest" = 211.749.
INFO:         *Upstream deep percolation ratio = 0.174543.
INFO:        Simulations = 1508.
INFO:        NOTE 19 of the simulations caused floating point errors (first was reported).
INFO:        Optimizations = 5.
INFO:        Pass = 3.
INFO:        Payoff = -1.29807e+33.
INFO:        ---------------------------------.
INFO:        Floating point error - skipping optimization.
INFO:          Upstream outflow ratio = 0.515256.
INFO:          Downstream outflow ratio = 0.0975119.
INFO:          Direct discharge ratio = 0.542585.
INFO:          Upstream percolation ratio = 0.206831.
INFO:          Downstream deep percolation ratio = 0.251362.
INFO:          Upstream middle flow ratio = 0.577567.
INFO:          Downstream percolation ratio = 0.384521.
INFO:          Downstream middle flow ratio = 0.654259.
INFO:          "Water-holding Capacity of Forest" = 215.943.
INFO:         *Upstream deep percolation ratio = 0.952623.
INFO:        Simulations = 1509.
INFO:        NOTE 20 of the simulations caused floating point errors (first was reported).
INFO:        Optimizations = 6.
INFO:        Pass = 3.
INFO:        Payoff = -1.29807e+33.
INFO:        ---------------------------------.
INFO:        Initial point of search.
INFO:          Upstream outflow ratio = 0.977318.
INFO:          Downstream outflow ratio = 0.53243.
INFO:          Direct discharge ratio = 0.936959.
INFO:          Upstream percolation ratio = 0.325511.
INFO:          Downstream deep percolation ratio = 0.0107548.
INFO:          Upstream middle flow ratio = 0.733988.
INFO:          Downstream percolation ratio = 0.296524.
INFO:          Downstream middle flow ratio = 0.344698.
INFO:          "Water-holding Capacity of Forest" = 241.014.
INFO:         *Upstream deep percolation ratio = 0.169468.
INFO:        Simulations = 1510.
INFO:        NOTE 20 of the simulations caused floating point errors (first was reported).
INFO:        Optimizations = 7.
INFO:        Pass = 3.
INFO:        Payoff = -111483.
INFO:        ---------------------------------.
INFO:        Maximum payoff found at:.
INFO:          Upstream outflow ratio = 0.0863231.
INFO:          Downstream outflow ratio = 0.01.
INFO:          Direct discharge ratio = 0.28709.
INFO:          Upstream percolation ratio = 0.5.
INFO:          Downstream deep percolation ratio = 0.5.
INFO:          Upstream middle flow ratio = 0.01.
INFO:          Downstream percolation ratio = 0.5.
INFO:          Downstream middle flow ratio = 0.01.
INFO:          "Water-holding Capacity of Forest" = 250.
INFO:         *Upstream deep percolation ratio = 0.99.
INFO:        Simulations = 2004.
INFO:        NOTE 27 of the simulations caused floating point errors (first was reported).
INFO:        Optimizations = 7.
INFO:        Pass = 3.
INFO:        Payoff = -532.691.
INFO:        ---------------------------------.
INFO:        This Search                   	Pass 1      	Final       .
INFO:        Simulations                   	1862        	2004        .
INFO:        Iterations                    	8           	53          .
INFO:         Upstream outflow ratio       	0.08569387  	0.086323079 .
INFO:         Downstream outflow ratio     	0.01        	0.01        .
INFO:         Direct discharge ratio       	0.2870901   	0.2870901   .
INFO:         Upstream percolation ratio   	0.5         	0.5         .
INFO:         Downstream deep percolation ratio	0.5         	0.5         .
INFO:         Upstream middle flow ratio   	0.01        	0.01        .
INFO:         Downstream percolation ratio 	0.5         	0.5         .
INFO:         Downstream middle flow ratio 	0.01        	0.01        .
INFO:         "Water-holding Capacity of Forest"	250         	250         .
INFO:         Upstream deep percolation ratio	0.99        	0.99        .
INFO:        Payoff                        	-532.79975  	-532.69116  .
INFO:        ==============================.
INFO:        Initial point of search.
INFO:          Upstream outflow ratio = 0.347455.
INFO:          Downstream outflow ratio = 0.400081.
INFO:          Direct discharge ratio = 0.247667.
INFO:          Upstream percolation ratio = 0.0613706.
INFO:          Downstream deep percolation ratio = 0.413967.
INFO:          Upstream middle flow ratio = 0.0593178.
INFO:          Downstream percolation ratio = 0.130059.
INFO:          Downstream middle flow ratio = 0.28513.
INFO:          "Water-holding Capacity of Forest" = 232.762.
INFO:         *Upstream deep percolation ratio = 0.352835.
INFO:        Simulations = 2005.
INFO:        NOTE 27 of the simulations caused floating point errors (first was reported).
INFO:        Optimizations = 8.
INFO:        Pass = 3.
INFO:        Payoff = -26178.8.
INFO:        ---------------------------------.
INFO:        Maximum payoff found at:.
INFO:         *Upstream outflow ratio = 0.0863231.
INFO:          Downstream outflow ratio = 0.01.
INFO:          Direct discharge ratio = 0.28709.
INFO:          Upstream percolation ratio = 0.5.
INFO:          Downstream deep percolation ratio = 0.5.
INFO:          Upstream middle flow ratio = 0.01.
INFO:          Downstream percolation ratio = 0.5.
INFO:          Downstream middle flow ratio = 0.01.
INFO:          "Water-holding Capacity of Forest" = 250.
INFO:          Upstream deep percolation ratio = 0.99.
INFO:        Simulations = 2411.
INFO:        NOTE 27 of the simulations caused floating point errors (first was reported).
INFO:        Optimizations = 8.
INFO:        Pass = 3.
INFO:        Payoff = -532.691.
INFO:        ---------------------------------.
INFO:        This Search                   	Pass 1      	Final       .
INFO:        Simulations                   	2232        	2411        .
INFO:        Iterations                    	5           	63          .
INFO:         Upstream outflow ratio       	0.09121504  	0.091265574 .
INFO:         Downstream outflow ratio     	0.01        	0.01        .
INFO:         Direct discharge ratio       	0.69774574  	0.68248278  .
INFO:         Upstream percolation ratio   	0.5         	0.5         .
INFO:         Downstream deep percolation ratio	0.5         	0.5         .
INFO:         Upstream middle flow ratio   	0.01        	0.01        .
INFO:         Downstream percolation ratio 	0.5         	0.5         .
INFO:         Downstream middle flow ratio 	0.01        	0.01        .
INFO:         "Water-holding Capacity of Forest"	250         	250         .
INFO:         Upstream deep percolation ratio	0.99        	0.99        .
INFO:        Payoff                        	-549.64349  	-543.18973  .
INFO:        ==============================.
INFO:        Floating point error - skipping optimization.
INFO:         *Upstream outflow ratio = 0.26965.
INFO:          Downstream outflow ratio = 0.62033.
INFO:          Direct discharge ratio = 0.662755.
INFO:          Upstream percolation ratio = 0.333443.
INFO:          Downstream deep percolation ratio = 0.481722.
INFO:          Upstream middle flow ratio = 0.550835.
INFO:          Downstream percolation ratio = 0.402499.
INFO:          Downstream middle flow ratio = 0.638187.
INFO:          "Water-holding Capacity of Forest" = 222.006.
INFO:          Upstream deep percolation ratio = 0.831377.
INFO:        Simulations = 2412.
INFO:        NOTE 28 of the simulations caused floating point errors (first was reported).
INFO:        Optimizations = 9.
INFO:        Pass = 3.
INFO:        Payoff = -1.29807e+33.
INFO:        ---------------------------------.
INFO:        Initial point of search.
INFO:         *Upstream outflow ratio = 0.81014.
INFO:          Downstream outflow ratio = 0.874566.
INFO:          Direct discharge ratio = 0.675417.
INFO:          Upstream percolation ratio = 0.37438.
INFO:          Downstream deep percolation ratio = 0.0399468.
INFO:          Upstream middle flow ratio = 0.30349.
INFO:          Downstream percolation ratio = 0.279332.
INFO:          Downstream middle flow ratio = 0.609794.
INFO:          "Water-holding Capacity of Forest" = 154.435.
INFO:          Upstream deep percolation ratio = 0.51133.
INFO:        Simulations = 2413.
INFO:        NOTE 28 of the simulations caused floating point errors (first was reported).
INFO:        Optimizations = 10.
INFO:        Pass = 3.
INFO:        Payoff = -65953.1.
INFO:        ---------------------------------.
INFO:        Maximum payoff found at:.
INFO:          Upstream outflow ratio = 0.0863231.
INFO:          Downstream outflow ratio = 0.01.
INFO:          Direct discharge ratio = 0.28709.
INFO:          Upstream percolation ratio = 0.5.
INFO:          Downstream deep percolation ratio = 0.5.
INFO:          Upstream middle flow ratio = 0.01.
INFO:          Downstream percolation ratio = 0.5.
INFO:          Downstream middle flow ratio = 0.01.
INFO:          "Water-holding Capacity of Forest" = 250.
INFO:         *Upstream deep percolation ratio = 0.99.
INFO:        Simulations = 2915.
INFO:        NOTE 30 of the simulations caused floating point errors (first was reported).
INFO:        Optimizations = 10.
INFO:        Pass = 3.
INFO:        Payoff = -532.691.
INFO:        ---------------------------------.
INFO:        This Search                   	Pass 1      	Final       .
INFO:        Simulations                   	2712        	2915        .
INFO:        Iterations                    	8           	77          .
INFO:         Upstream outflow ratio       	0.085207312 	0.085386947 .
INFO:         Downstream outflow ratio     	0.87456592  	0.87456592  .
INFO:         Direct discharge ratio       	0.18536035  	0.16803474  .
INFO:         Upstream percolation ratio   	0.5         	0.5         .
INFO:         Downstream deep percolation ratio	0.5         	0.5         .
INFO:         Upstream middle flow ratio   	0.01        	0.01        .
INFO:         Downstream percolation ratio 	0.5         	0.5         .
INFO:         Downstream middle flow ratio 	0.01        	0.01        .
INFO:         "Water-holding Capacity of Forest"	249.97      	249.97      .
INFO:         Upstream deep percolation ratio	0.99        	0.99        .
INFO:        Payoff                        	-5126.735   	-5110.2291  .
INFO:        ==============================.
INFO:        Maximum of simulations/optimizations found at:.
INFO:          Upstream outflow ratio = 0.0863231.
INFO:          Downstream outflow ratio = 0.01.
INFO:          Direct discharge ratio = 0.28709.
INFO:          Upstream percolation ratio = 0.5.
INFO:          Downstream deep percolation ratio = 0.5.
INFO:          Upstream middle flow ratio = 0.01.
INFO:          Downstream percolation ratio = 0.5.
INFO:          Downstream middle flow ratio = 0.01.
INFO:          "Water-holding Capacity of Forest" = 250.
INFO:         *Upstream deep percolation ratio = 0.99.
INFO:        Simulations = 2915.
INFO:        NOTE 30 of the simulations caused floating point errors (first was reported).
INFO:        Optimizations = 10.
INFO:        Pass = 3.
INFO:        Payoff = -532.691.
INFO:        ---------------------------------.
