INFO:        Initial point of search.
INFO:          Upstream outflow ratio = 0.5.
INFO:          Downstream outflow ratio = 0.5.
INFO:          Direct discharge ratio = 0.97.
INFO:          Upstream percolation ratio = 0.2.
INFO:          Downstream deep percolation ratio = 0.2.
INFO:          Upstream middle flow ratio = 0.5.
INFO:          Downstream percolation ratio = 0.2.
INFO:          Downstream middle flow ratio = 0.5.
INFO:          "Water-holding Capacity of Forest" = 200.
INFO:          Upstream deep percolation ratio = 0.5.
INFO:        Simulations = 1.
INFO:        Optimizations = 1.
INFO:        Pass = 0.
INFO:        Payoff = -3702.8.
INFO:        ---------------------------------.
INFO:        NOTE Payoff (-1038.74) realized at multiple parameter values.
INFO:        With "Water-holding Capacity of Forest" = 200 and 202.52.
INFO:        NOTE Payoff (-1038.74) realized at multiple parameter values.
INFO:        With "Water-holding Capacity of Forest" = 202.52 and 206.597.
INFO:        ------------------.
INFO:        Floating point error during optimization with.
INFO:        .
INFO:         *Upstream outflow ratio = 0.175656.
INFO:         *Downstream outflow ratio = 0.01.
INFO:         *Direct discharge ratio = 0.906459.
INFO:         *Upstream percolation ratio = 0.5.
INFO:         *Downstream deep percolation ratio = 0.5.
INFO:         *Upstream middle flow ratio = 0.255.
INFO:         *Downstream percolation ratio = 0.01.
INFO:         *Downstream middle flow ratio = 0.01.
INFO:         *"Water-holding Capacity of Forest" = 200.
INFO:         *Upstream deep percolation ratio = 0.99.
INFO:        ------------------.
INFO:        NOTE Payoff (-1022.32) realized at multiple parameter values.
INFO:        With "Water-holding Capacity of Forest" = 202.52 and 206.597.
INFO:        NOTE Payoff (-1022.32) realized at multiple parameter values.
INFO:        With "Water-holding Capacity of Forest" = 206.597 and 204.559.
INFO:        NOTE Payoff (-1022.32) realized at multiple parameter values.
INFO:        With "Water-holding Capacity of Forest" = 204.559 and 203.78.
INFO:        NOTE Payoff (-1022.32) realized at multiple parameter values.
INFO:        With "Water-holding Capacity of Forest" = 203.78 and 205.819.
INFO:        NOTE Payoff (-1022.26) realized at multiple parameter values.
INFO:        With "Water-holding Capacity of Forest" = 202.52 and 203.78.
INFO:        NOTE Payoff (-1022.26) realized at multiple parameter values.
INFO:        With "Water-holding Capacity of Forest" = 203.78 and 205.819.
INFO:        NOTE Payoff (-1022.2) realized at multiple parameter values.
INFO:        With "Water-holding Capacity of Forest" = 203.78 and 205.819.
INFO:        NOTE Payoff (-1022.2) realized at multiple parameter values.
INFO:        With "Water-holding Capacity of Forest" = 205.819 and 204.799.
INFO:        NOTE Payoff (-1020.92) realized at multiple parameter values.
INFO:        With "Water-holding Capacity of Forest" = 250 and 249.37.
INFO:        NOTE Payoff (-1020.92) realized at multiple parameter values.
INFO:        With "Water-holding Capacity of Forest" = 249.37 and 248.351.
INFO:        NOTE Payoff (-1020.37) realized at multiple parameter values.
INFO:        With Upstream outflow ratio = 0.116013 and 0.116013.
INFO:        Maximum payoff found at:.
INFO:         *Upstream outflow ratio = 0.116004.
INFO:          Downstream outflow ratio = 0.01.
INFO:          Direct discharge ratio = 0.901211.
INFO:          Upstream percolation ratio = 0.5.
INFO:          Downstream deep percolation ratio = 0.5.
INFO:          Upstream middle flow ratio = 0.01.
INFO:          Downstream percolation ratio = 0.5.
INFO:          Downstream middle flow ratio = 0.01.
INFO:          "Water-holding Capacity of Forest" = 250.
INFO:          Upstream deep percolation ratio = 0.99.
INFO:        Simulations = 673.
INFO:        NOTE 9 of the simulations caused floating point errors (first was reported).
INFO:        Optimizations = 1.
INFO:        Pass = 3.
INFO:        Payoff = -1020.37.
INFO:        ---------------------------------.
INFO:        This Search                   	Pass 1      	Final       .
INFO:        Simulations                   	402         	673         .
INFO:        Iterations                    	10          	18          .
INFO:         Upstream outflow ratio       	0.11354241  	0.11600351  .
INFO:         Downstream outflow ratio     	0.01        	0.01        .
INFO:         Direct discharge ratio       	0.90147548  	0.90121088  .
INFO:         Upstream percolation ratio   	0.5         	0.5         .
INFO:         Downstream deep percolation ratio	0.5         	0.5         .
INFO:         Upstream middle flow ratio   	0.01        	0.01        .
INFO:         Downstream percolation ratio 	0.5         	0.5         .
INFO:         Downstream middle flow ratio 	0.01        	0.01        .
INFO:         "Water-holding Capacity of Forest"	250         	250         .
INFO:         Upstream deep percolation ratio	0.99        	0.99        .
INFO:        Payoff                        	-1020.3999  	-1020.371   .
INFO:        ==============================.
INFO:        Initial point of search.
INFO:         *Upstream outflow ratio = 0.322676.
INFO:          Downstream outflow ratio = 0.373779.
INFO:          Direct discharge ratio = 0.632486.
INFO:          Upstream percolation ratio = 0.33925.
INFO:          Downstream deep percolation ratio = 0.383622.
INFO:          Upstream middle flow ratio = 0.229212.
INFO:          Downstream percolation ratio = 0.49972.
INFO:          Downstream middle flow ratio = 0.34425.
INFO:          "Water-holding Capacity of Forest" = 221.05.
INFO:          Upstream deep percolation ratio = 0.270104.
INFO:        Simulations = 674.
INFO:        NOTE 9 of the simulations caused floating point errors (first was reported).
INFO:        Optimizations = 2.
INFO:        Pass = 3.
INFO:        Payoff = -1594.32.
INFO:        ---------------------------------.
INFO:        NOTE Payoff (-1019.94) realized at multiple parameter values.
INFO:        With "Water-holding Capacity of Forest" = 241.17 and 250.
INFO:        NOTE Payoff (-1019.94) realized at multiple parameter values.
INFO:        With "Water-holding Capacity of Forest" = 250 and 245.585.
INFO:        NOTE Payoff (-1019.94) realized at multiple parameter values.
INFO:        With Downstream percolation ratio = 0.5 and 0.5.
INFO:        With "Water-holding Capacity of Forest" = 245.585 and 241.17.
INFO:        NOTE Payoff (-1019.74) realized at multiple parameter values.
INFO:        With "Water-holding Capacity of Forest" = 245.585 and 250.
INFO:        NOTE Payoff (-1019.74) realized at multiple parameter values.
INFO:        With "Water-holding Capacity of Forest" = 250 and 247.793.
INFO:        NOTE Payoff (-1019.67) realized at multiple parameter values.
INFO:        With Upstream outflow ratio = 0.116254 and 0.116254.
INFO:        With "Water-holding Capacity of Forest" = 250 and 250.
INFO:        Maximum payoff found at:.
INFO:          Upstream outflow ratio = 0.115866.
INFO:          Downstream outflow ratio = 0.01.
INFO:          Direct discharge ratio = 0.746749.
INFO:          Upstream percolation ratio = 0.5.
INFO:          Downstream deep percolation ratio = 0.5.
INFO:          Upstream middle flow ratio = 0.01.
INFO:          Downstream percolation ratio = 0.5.
INFO:          Downstream middle flow ratio = 0.01.
INFO:          "Water-holding Capacity of Forest" = 250.
INFO:         *Upstream deep percolation ratio = 0.99.
INFO:        Simulations = 1201.
INFO:        NOTE 9 of the simulations caused floating point errors (first was reported).
INFO:        Optimizations = 2.
INFO:        Pass = 3.
INFO:        Payoff = -1019.48.
INFO:        ---------------------------------.
INFO:        This Search                   	Pass 1      	Final       .
INFO:        Simulations                   	1030        	1201        .
INFO:        Iterations                    	9           	32          .
INFO:         Upstream outflow ratio       	0.11560154  	0.11586614  .
INFO:         Downstream outflow ratio     	0.01        	0.01        .
INFO:         Direct discharge ratio       	0.72072823  	0.74674923  .
INFO:         Upstream percolation ratio   	0.5         	0.5         .
INFO:         Downstream deep percolation ratio	0.5         	0.5         .
INFO:         Upstream middle flow ratio   	0.01        	0.01        .
INFO:         Downstream percolation ratio 	0.49727594  	0.5         .
INFO:         Downstream middle flow ratio 	0.01        	0.01        .
INFO:         "Water-holding Capacity of Forest"	250         	250         .
INFO:         Upstream deep percolation ratio	0.99        	0.99        .
INFO:        Payoff                        	-1019.525   	-1019.4755  .
INFO:        ==============================.
INFO:        Floating point error - skipping optimization.
INFO:          Upstream outflow ratio = 0.552146.
INFO:          Downstream outflow ratio = 0.262116.
INFO:          Direct discharge ratio = 0.227355.
INFO:          Upstream percolation ratio = 0.0943237.
INFO:          Downstream deep percolation ratio = 0.439533.
INFO:          Upstream middle flow ratio = 0.442959.
INFO:          Downstream percolation ratio = 0.387664.
INFO:          Downstream middle flow ratio = 0.0291899.
INFO:          "Water-holding Capacity of Forest" = 200.466.
INFO:         *Upstream deep percolation ratio = 0.960811.
INFO:        Simulations = 1202.
INFO:        NOTE 10 of the simulations caused floating point errors (first was reported).
INFO:        Optimizations = 3.
INFO:        Pass = 3.
INFO:        Payoff = -1.29807e+33.
INFO:        ---------------------------------.
INFO:        Initial point of search.
INFO:          Upstream outflow ratio = 0.146183.
INFO:          Downstream outflow ratio = 0.44564.
INFO:          Direct discharge ratio = 0.535557.
INFO:          Upstream percolation ratio = 0.110481.
INFO:          Downstream deep percolation ratio = 0.0806899.
INFO:          Upstream middle flow ratio = 0.478632.
INFO:          Downstream percolation ratio = 0.161015.
INFO:          Downstream middle flow ratio = 0.780569.
INFO:          "Water-holding Capacity of Forest" = 156.554.
INFO:         *Upstream deep percolation ratio = 0.415241.
INFO:        Simulations = 1203.
INFO:        NOTE 10 of the simulations caused floating point errors (first was reported).
INFO:        Optimizations = 4.
INFO:        Pass = 3.
INFO:        Payoff = -3923.24.
INFO:        ---------------------------------.
INFO:        Maximum payoff found at:.
INFO:         *Upstream outflow ratio = 0.115866.
INFO:          Downstream outflow ratio = 0.01.
INFO:         *Direct discharge ratio = 0.746749.
INFO:          Upstream percolation ratio = 0.5.
INFO:          Downstream deep percolation ratio = 0.5.
INFO:          Upstream middle flow ratio = 0.01.
INFO:          Downstream percolation ratio = 0.5.
INFO:          Downstream middle flow ratio = 0.01.
INFO:          "Water-holding Capacity of Forest" = 250.
INFO:          Upstream deep percolation ratio = 0.99.
INFO:        Simulations = 1719.
INFO:        NOTE 16 of the simulations caused floating point errors (first was reported).
INFO:        Optimizations = 4.
INFO:        Pass = 3.
INFO:        Payoff = -1019.48.
INFO:        ---------------------------------.
INFO:        This Search                   	Pass 1      	Final       .
INFO:        Simulations                   	1486        	1719        .
INFO:        Iterations                    	7           	45          .
INFO:         Upstream outflow ratio       	0.12003291  	0.11310426  .
INFO:         Downstream outflow ratio     	0.01        	0.01        .
INFO:         Direct discharge ratio       	0.57063442  	0.39106142  .
INFO:         Upstream percolation ratio   	0.5         	0.5         .
INFO:         Downstream deep percolation ratio	0.5         	0.5         .
INFO:         Upstream middle flow ratio   	0.01        	0.01        .
INFO:         Downstream percolation ratio 	0.5         	0.5         .
INFO:         Downstream middle flow ratio 	0.01        	0.01        .
INFO:         "Water-holding Capacity of Forest"	250         	250         .
INFO:         Upstream deep percolation ratio	0.99        	0.99        .
INFO:        Payoff                        	-1019.859   	-1019.6514  .
INFO:        ==============================.
INFO:        Floating point error - skipping optimization.
INFO:         *Upstream outflow ratio = 0.516859.
INFO:          Downstream outflow ratio = 0.965621.
INFO:         *Direct discharge ratio = 0.176465.
INFO:          Upstream percolation ratio = 0.455706.
INFO:          Downstream deep percolation ratio = 0.219721.
INFO:          Upstream middle flow ratio = 0.897392.
INFO:          Downstream percolation ratio = 0.220671.
INFO:          Downstream middle flow ratio = 0.894676.
INFO:          "Water-holding Capacity of Forest" = 211.749.
INFO:          Upstream deep percolation ratio = 0.174543.
INFO:        Simulations = 1720.
INFO:        NOTE 17 of the simulations caused floating point errors (first was reported).
INFO:        Optimizations = 5.
INFO:        Pass = 3.
INFO:        Payoff = -1.29807e+33.
INFO:        ---------------------------------.
INFO:        Floating point error - skipping optimization.
INFO:         *Upstream outflow ratio = 0.515256.
INFO:          Downstream outflow ratio = 0.0975119.
INFO:         *Direct discharge ratio = 0.542585.
INFO:          Upstream percolation ratio = 0.206831.
INFO:          Downstream deep percolation ratio = 0.251362.
INFO:          Upstream middle flow ratio = 0.577567.
INFO:          Downstream percolation ratio = 0.384521.
INFO:          Downstream middle flow ratio = 0.654259.
INFO:          "Water-holding Capacity of Forest" = 215.943.
INFO:          Upstream deep percolation ratio = 0.952623.
INFO:        Simulations = 1721.
INFO:        NOTE 18 of the simulations caused floating point errors (first was reported).
INFO:        Optimizations = 6.
INFO:        Pass = 3.
INFO:        Payoff = -1.29807e+33.
INFO:        ---------------------------------.
INFO:        Initial point of search.
INFO:         *Upstream outflow ratio = 0.977318.
INFO:          Downstream outflow ratio = 0.53243.
INFO:         *Direct discharge ratio = 0.936959.
INFO:          Upstream percolation ratio = 0.325511.
INFO:          Downstream deep percolation ratio = 0.0107548.
INFO:          Upstream middle flow ratio = 0.733988.
INFO:          Downstream percolation ratio = 0.296524.
INFO:          Downstream middle flow ratio = 0.344698.
INFO:          "Water-holding Capacity of Forest" = 241.014.
INFO:          Upstream deep percolation ratio = 0.169468.
INFO:        Simulations = 1722.
INFO:        NOTE 18 of the simulations caused floating point errors (first was reported).
INFO:        Optimizations = 7.
INFO:        Pass = 3.
INFO:        Payoff = -7326.58.
INFO:        ---------------------------------.
INFO:        Maximum payoff found at:.
INFO:          Upstream outflow ratio = 0.115866.
INFO:          Downstream outflow ratio = 0.01.
INFO:         *Direct discharge ratio = 0.746749.
INFO:          Upstream percolation ratio = 0.5.
INFO:          Downstream deep percolation ratio = 0.5.
INFO:          Upstream middle flow ratio = 0.01.
INFO:          Downstream percolation ratio = 0.5.
INFO:          Downstream middle flow ratio = 0.01.
INFO:          "Water-holding Capacity of Forest" = 250.
INFO:          Upstream deep percolation ratio = 0.99.
INFO:        Simulations = 2337.
INFO:        NOTE 24 of the simulations caused floating point errors (first was reported).
INFO:        Optimizations = 7.
INFO:        Pass = 3.
INFO:        Payoff = -1019.48.
INFO:        ---------------------------------.
INFO:        This Search                   	Pass 1      	Final       .
INFO:        Simulations                   	2024        	2337        .
INFO:        Iterations                    	7           	60          .
INFO:         Upstream outflow ratio       	0.12192834  	0.11625584  .
INFO:         Downstream outflow ratio     	0.01        	0.01        .
INFO:         Direct discharge ratio       	0.5094991   	0.53360416  .
INFO:         Upstream percolation ratio   	0.5         	0.5         .
INFO:         Downstream deep percolation ratio	0.5         	0.5         .
INFO:         Upstream middle flow ratio   	0.01        	0.01        .
INFO:         Downstream percolation ratio 	0.5         	0.5         .
INFO:         Downstream middle flow ratio 	0.01        	0.01        .
INFO:         "Water-holding Capacity of Forest"	244.79448   	249.50667   .
INFO:         Upstream deep percolation ratio	0.99        	0.99        .
INFO:        Payoff                        	-1019.8655  	-1019.7369  .
INFO:        ==============================.
INFO:        Initial point of search.
INFO:          Upstream outflow ratio = 0.347455.
INFO:          Downstream outflow ratio = 0.400081.
INFO:         *Direct discharge ratio = 0.247667.
INFO:          Upstream percolation ratio = 0.0613706.
INFO:          Downstream deep percolation ratio = 0.413967.
INFO:          Upstream middle flow ratio = 0.0593178.
INFO:          Downstream percolation ratio = 0.130059.
INFO:          Downstream middle flow ratio = 0.28513.
INFO:          "Water-holding Capacity of Forest" = 232.762.
INFO:          Upstream deep percolation ratio = 0.352835.
INFO:        Simulations = 2338.
INFO:        NOTE 24 of the simulations caused floating point errors (first was reported).
INFO:        Optimizations = 8.
INFO:        Pass = 3.
INFO:        Payoff = -2147.92.
INFO:        ---------------------------------.
INFO:        Maximum payoff found at:.
INFO:         *Upstream outflow ratio = 0.115866.
INFO:          Downstream outflow ratio = 0.01.
INFO:         *Direct discharge ratio = 0.746749.
INFO:          Upstream percolation ratio = 0.5.
INFO:          Downstream deep percolation ratio = 0.5.
INFO:          Upstream middle flow ratio = 0.01.
INFO:          Downstream percolation ratio = 0.5.
INFO:          Downstream middle flow ratio = 0.01.
INFO:         *"Water-holding Capacity of Forest" = 250.
INFO:          Upstream deep percolation ratio = 0.99.
INFO:        Simulations = 2884.
INFO:        NOTE 24 of the simulations caused floating point errors (first was reported).
INFO:        Optimizations = 8.
INFO:        Pass = 3.
INFO:        Payoff = -1019.48.
INFO:        ---------------------------------.
INFO:        This Search                   	Pass 1      	Final       .
INFO:        Simulations                   	2627        	2884        .
INFO:        Iterations                    	7           	74          .
INFO:         Upstream outflow ratio       	0.12873649  	0.11432751  .
INFO:         Downstream outflow ratio     	0.01        	0.01        .
INFO:         Direct discharge ratio       	0.49557951  	0.3909011   .
INFO:         Upstream percolation ratio   	0.5         	0.5         .
INFO:         Downstream deep percolation ratio	0.5         	0.5         .
INFO:         Upstream middle flow ratio   	0.01        	0.01        .
INFO:         Downstream percolation ratio 	0.5         	0.5         .
INFO:         Downstream middle flow ratio 	0.01        	0.01        .
INFO:         "Water-holding Capacity of Forest"	234.66052   	250         .
INFO:         Upstream deep percolation ratio	0.99        	0.99        .
INFO:        Payoff                        	-1020.1526  	-1019.6446  .
INFO:        ==============================.
INFO:        Floating point error - skipping optimization.
INFO:         *Upstream outflow ratio = 0.26965.
INFO:          Downstream outflow ratio = 0.62033.
INFO:         *Direct discharge ratio = 0.662755.
INFO:          Upstream percolation ratio = 0.333443.
INFO:          Downstream deep percolation ratio = 0.481722.
INFO:          Upstream middle flow ratio = 0.550835.
INFO:          Downstream percolation ratio = 0.402499.
INFO:          Downstream middle flow ratio = 0.638187.
INFO:         *"Water-holding Capacity of Forest" = 222.006.
INFO:          Upstream deep percolation ratio = 0.831377.
INFO:        Simulations = 2885.
INFO:        NOTE 25 of the simulations caused floating point errors (first was reported).
INFO:        Optimizations = 9.
INFO:        Pass = 3.
INFO:        Payoff = -1.29807e+33.
INFO:        ---------------------------------.
INFO:        Initial point of search.
INFO:         *Upstream outflow ratio = 0.81014.
INFO:          Downstream outflow ratio = 0.874566.
INFO:         *Direct discharge ratio = 0.675417.
INFO:          Upstream percolation ratio = 0.37438.
INFO:          Downstream deep percolation ratio = 0.0399468.
INFO:          Upstream middle flow ratio = 0.30349.
INFO:          Downstream percolation ratio = 0.279332.
INFO:          Downstream middle flow ratio = 0.609794.
INFO:         *"Water-holding Capacity of Forest" = 154.435.
INFO:          Upstream deep percolation ratio = 0.51133.
INFO:        Simulations = 2886.
INFO:        NOTE 25 of the simulations caused floating point errors (first was reported).
INFO:        Optimizations = 10.
INFO:        Pass = 3.
INFO:        Payoff = -4541.5.
INFO:        ---------------------------------.
INFO:        Maximum payoff found at:.
INFO:          Upstream outflow ratio = 0.115866.
INFO:          Downstream outflow ratio = 0.01.
INFO:          Direct discharge ratio = 0.746749.
INFO:          Upstream percolation ratio = 0.5.
INFO:          Downstream deep percolation ratio = 0.5.
INFO:          Upstream middle flow ratio = 0.01.
INFO:          Downstream percolation ratio = 0.5.
INFO:          Downstream middle flow ratio = 0.01.
INFO:          "Water-holding Capacity of Forest" = 250.
INFO:         *Upstream deep percolation ratio = 0.99.
INFO:        Simulations = 3371.
INFO:        NOTE 29 of the simulations caused floating point errors (first was reported).
INFO:        Optimizations = 10.
INFO:        Pass = 3.
INFO:        Payoff = -1019.48.
INFO:        ---------------------------------.
INFO:        This Search                   	Pass 1      	Final       .
INFO:        Simulations                   	3234        	3371        .
INFO:        Iterations                    	9           	87          .
INFO:         Upstream outflow ratio       	0.11019093  	0.1109148   .
INFO:         Downstream outflow ratio     	0.87456592  	0.87456592  .
INFO:         Direct discharge ratio       	0.26646362  	0.26684222  .
INFO:         Upstream percolation ratio   	0.5         	0.5         .
INFO:         Downstream deep percolation ratio	0.5         	0.5         .
INFO:         Upstream middle flow ratio   	0.01        	0.01        .
INFO:         Downstream percolation ratio 	0.5         	0.5         .
INFO:         Downstream middle flow ratio 	0.01        	0.01        .
INFO:         "Water-holding Capacity of Forest"	250         	250         .
INFO:         Upstream deep percolation ratio	0.99        	0.99        .
INFO:        Payoff                        	-1142.1386  	-1142.019   .
INFO:        ==============================.
INFO:        Maximum of simulations/optimizations found at:.
INFO:          Upstream outflow ratio = 0.115866.
INFO:          Downstream outflow ratio = 0.01.
INFO:          Direct discharge ratio = 0.746749.
INFO:          Upstream percolation ratio = 0.5.
INFO:          Downstream deep percolation ratio = 0.5.
INFO:          Upstream middle flow ratio = 0.01.
INFO:          Downstream percolation ratio = 0.5.
INFO:          Downstream middle flow ratio = 0.01.
INFO:          "Water-holding Capacity of Forest" = 250.
INFO:         *Upstream deep percolation ratio = 0.99.
INFO:        Simulations = 3371.
INFO:        NOTE 29 of the simulations caused floating point errors (first was reported).
INFO:        Optimizations = 10.
INFO:        Pass = 3.
INFO:        Payoff = -1019.48.
INFO:        ---------------------------------.
