INFO:        Initial point of search.
INFO:          Upstream outflow ratio = 0.5.
INFO:          Downstream outflow ratio = 0.5.
INFO:          Direct discharge ratio = 0.97.
INFO:          Upstream percolation ratio = 0.2.
INFO:          Downstream deep percolation ratio = 0.2.
INFO:          Upstream middle flow ratio = 0.5.
INFO:          Downstream percolation ratio = 0.2.
INFO:          Downstream middle flow ratio = 0.5.
INFO:          "Water-holding Capacity of Forest" = 200.
INFO:          Upstream deep percolation ratio = 0.5.
INFO:        Simulations = 1.
INFO:        Optimizations = 1.
INFO:        Pass = 0.
INFO:        Payoff = -270503.
INFO:        ---------------------------------.
INFO:        ------------------.
INFO:        Floating point error during optimization with.
INFO:        .
INFO:         *Upstream outflow ratio = 0.0574118.
INFO:         *Downstream outflow ratio = 0.01.
INFO:         *Direct discharge ratio = 0.948263.
INFO:         *Upstream percolation ratio = 0.5.
INFO:         *Downstream deep percolation ratio = 0.5.
INFO:         *Upstream middle flow ratio = 0.255.
INFO:         *Downstream percolation ratio = 0.01.
INFO:         *Downstream middle flow ratio = 0.01.
INFO:         *"Water-holding Capacity of Forest" = 250.
INFO:         *Upstream deep percolation ratio = 0.99.
INFO:        ------------------.
INFO:        Maximum payoff found at:.
INFO:          Upstream outflow ratio = 0.0596403.
INFO:          Downstream outflow ratio = 0.01.
INFO:          Direct discharge ratio = 0.984414.
INFO:          Upstream percolation ratio = 0.5.
INFO:          Downstream deep percolation ratio = 0.5.
INFO:          Upstream middle flow ratio = 0.01.
INFO:          Downstream percolation ratio = 0.5.
INFO:          Downstream middle flow ratio = 0.01.
INFO:          "Water-holding Capacity of Forest" = 250.
INFO:         *Upstream deep percolation ratio = 0.99.
INFO:        Simulations = 489.
INFO:        NOTE 6 of the simulations caused floating point errors (first was reported).
INFO:        Optimizations = 1.
INFO:        Pass = 3.
INFO:        Payoff = -25620.6.
INFO:        ---------------------------------.
INFO:        This Search                   	Pass 1      	Final       .
INFO:        Simulations                   	278         	489         .
INFO:        Iterations                    	7           	13          .
INFO:         Upstream outflow ratio       	0.060886192 	0.059640328 .
INFO:         Downstream outflow ratio     	0.01        	0.01        .
INFO:         Direct discharge ratio       	0.94826306  	0.984414    .
INFO:         Upstream percolation ratio   	0.5         	0.5         .
INFO:         Downstream deep percolation ratio	0.5         	0.5         .
INFO:         Upstream middle flow ratio   	0.01        	0.01        .
INFO:         Downstream percolation ratio 	0.5         	0.5         .
INFO:         Downstream middle flow ratio 	0.01        	0.01        .
INFO:         "Water-holding Capacity of Forest"	250         	250         .
INFO:         Upstream deep percolation ratio	0.99        	0.99        .
INFO:        Payoff                        	-25879.968  	-25620.556  .
INFO:        ==============================.
INFO:        Initial point of search.
INFO:          Upstream outflow ratio = 0.322676.
INFO:          Downstream outflow ratio = 0.373779.
INFO:          Direct discharge ratio = 0.632486.
INFO:          Upstream percolation ratio = 0.33925.
INFO:          Downstream deep percolation ratio = 0.383622.
INFO:          Upstream middle flow ratio = 0.229212.
INFO:          Downstream percolation ratio = 0.49972.
INFO:          Downstream middle flow ratio = 0.34425.
INFO:          "Water-holding Capacity of Forest" = 221.05.
INFO:         *Upstream deep percolation ratio = 0.270104.
INFO:        Simulations = 490.
INFO:        NOTE 6 of the simulations caused floating point errors (first was reported).
INFO:        Optimizations = 2.
INFO:        Pass = 3.
INFO:        Payoff = -193516.
INFO:        ---------------------------------.
INFO:        NOTE Payoff (-23535.2) realized at multiple parameter values.
INFO:        With Downstream percolation ratio = 0.5 and 0.5.
INFO:        Maximum payoff found at:.
INFO:          Upstream outflow ratio = 0.0494037.
INFO:          Downstream outflow ratio = 0.01.
INFO:          Direct discharge ratio = 0.731809.
INFO:          Upstream percolation ratio = 0.5.
INFO:          Downstream deep percolation ratio = 0.5.
INFO:          Upstream middle flow ratio = 0.01.
INFO:          Downstream percolation ratio = 0.5.
INFO:          Downstream middle flow ratio = 0.01.
INFO:          "Water-holding Capacity of Forest" = 250.
INFO:         *Upstream deep percolation ratio = 0.99.
INFO:        Simulations = 896.
INFO:        NOTE 6 of the simulations caused floating point errors (first was reported).
INFO:        Optimizations = 2.
INFO:        Pass = 3.
INFO:        Payoff = -23465.
INFO:        ---------------------------------.
INFO:        This Search                   	Pass 1      	Final       .
INFO:        Simulations                   	740         	896         .
INFO:        Iterations                    	6           	23          .
INFO:         Upstream outflow ratio       	0.049403708 	0.049403708 .
INFO:         Downstream outflow ratio     	0.01        	0.01        .
INFO:         Direct discharge ratio       	0.7318094   	0.7318094   .
INFO:         Upstream percolation ratio   	0.5         	0.5         .
INFO:         Downstream deep percolation ratio	0.5         	0.5         .
INFO:         Upstream middle flow ratio   	0.01        	0.01        .
INFO:         Downstream percolation ratio 	0.49765959  	0.5         .
INFO:         Downstream middle flow ratio 	0.01        	0.01        .
INFO:         "Water-holding Capacity of Forest"	250         	250         .
INFO:         Upstream deep percolation ratio	0.99        	0.99        .
INFO:        Payoff                        	-23471.518  	-23464.961  .
INFO:        ==============================.
INFO:        Floating point error - skipping optimization.
INFO:          Upstream outflow ratio = 0.552146.
INFO:          Downstream outflow ratio = 0.262116.
INFO:          Direct discharge ratio = 0.227355.
INFO:          Upstream percolation ratio = 0.0943237.
INFO:          Downstream deep percolation ratio = 0.439533.
INFO:          Upstream middle flow ratio = 0.442959.
INFO:          Downstream percolation ratio = 0.387664.
INFO:          Downstream middle flow ratio = 0.0291899.
INFO:          "Water-holding Capacity of Forest" = 200.466.
INFO:         *Upstream deep percolation ratio = 0.960811.
INFO:        Simulations = 897.
INFO:        NOTE 7 of the simulations caused floating point errors (first was reported).
INFO:        Optimizations = 3.
INFO:        Pass = 3.
INFO:        Payoff = -1.29807e+33.
INFO:        ---------------------------------.
INFO:        Initial point of search.
INFO:          Upstream outflow ratio = 0.146183.
INFO:          Downstream outflow ratio = 0.44564.
INFO:          Direct discharge ratio = 0.535557.
INFO:          Upstream percolation ratio = 0.110481.
INFO:          Downstream deep percolation ratio = 0.0806899.
INFO:          Upstream middle flow ratio = 0.478632.
INFO:          Downstream percolation ratio = 0.161015.
INFO:          Downstream middle flow ratio = 0.780569.
INFO:          "Water-holding Capacity of Forest" = 156.554.
INFO:         *Upstream deep percolation ratio = 0.415241.
INFO:        Simulations = 898.
INFO:        NOTE 7 of the simulations caused floating point errors (first was reported).
INFO:        Optimizations = 4.
INFO:        Pass = 3.
INFO:        Payoff = -244620.
INFO:        ---------------------------------.
INFO:        Maximum payoff found at:.
INFO:          Upstream outflow ratio = 0.0592526.
INFO:          Downstream outflow ratio = 0.01.
INFO:          Direct discharge ratio = 0.237185.
INFO:          Upstream percolation ratio = 0.5.
INFO:          Downstream deep percolation ratio = 0.5.
INFO:          Upstream middle flow ratio = 0.01.
INFO:          Downstream percolation ratio = 0.5.
INFO:          Downstream middle flow ratio = 0.01.
INFO:          "Water-holding Capacity of Forest" = 250.
INFO:         *Upstream deep percolation ratio = 0.99.
INFO:        Simulations = 1337.
INFO:        NOTE 15 of the simulations caused floating point errors (first was reported).
INFO:        Optimizations = 4.
INFO:        Pass = 3.
INFO:        Payoff = -23057.6.
INFO:        ---------------------------------.
INFO:        This Search                   	Pass 1      	Final       .
INFO:        Simulations                   	1256        	1337        .
INFO:        Iterations                    	9           	34          .
INFO:         Upstream outflow ratio       	0.059252579 	0.059252579 .
INFO:         Downstream outflow ratio     	0.01        	0.01        .
INFO:         Direct discharge ratio       	0.23718525  	0.23718525  .
INFO:         Upstream percolation ratio   	0.5         	0.5         .
INFO:         Downstream deep percolation ratio	0.5         	0.5         .
INFO:         Upstream middle flow ratio   	0.01        	0.01        .
INFO:         Downstream percolation ratio 	0.5         	0.5         .
INFO:         Downstream middle flow ratio 	0.01        	0.01        .
INFO:         "Water-holding Capacity of Forest"	250         	250         .
INFO:         Upstream deep percolation ratio	0.99        	0.99        .
INFO:        Payoff                        	-23057.628  	-23057.628  .
INFO:        ==============================.
INFO:        Floating point error - skipping optimization.
INFO:          Upstream outflow ratio = 0.516859.
INFO:          Downstream outflow ratio = 0.965621.
INFO:          Direct discharge ratio = 0.176465.
INFO:          Upstream percolation ratio = 0.455706.
INFO:          Downstream deep percolation ratio = 0.219721.
INFO:          Upstream middle flow ratio = 0.897392.
INFO:          Downstream percolation ratio = 0.220671.
INFO:          Downstream middle flow ratio = 0.894676.
INFO:          "Water-holding Capacity of Forest" = 211.749.
INFO:         *Upstream deep percolation ratio = 0.174543.
INFO:        Simulations = 1338.
INFO:        NOTE 16 of the simulations caused floating point errors (first was reported).
INFO:        Optimizations = 5.
INFO:        Pass = 3.
INFO:        Payoff = -1.29807e+33.
INFO:        ---------------------------------.
INFO:        Floating point error - skipping optimization.
INFO:          Upstream outflow ratio = 0.515256.
INFO:          Downstream outflow ratio = 0.0975119.
INFO:          Direct discharge ratio = 0.542585.
INFO:          Upstream percolation ratio = 0.206831.
INFO:          Downstream deep percolation ratio = 0.251362.
INFO:          Upstream middle flow ratio = 0.577567.
INFO:          Downstream percolation ratio = 0.384521.
INFO:          Downstream middle flow ratio = 0.654259.
INFO:          "Water-holding Capacity of Forest" = 215.943.
INFO:         *Upstream deep percolation ratio = 0.952623.
INFO:        Simulations = 1339.
INFO:        NOTE 17 of the simulations caused floating point errors (first was reported).
INFO:        Optimizations = 6.
INFO:        Pass = 3.
INFO:        Payoff = -1.29807e+33.
INFO:        ---------------------------------.
INFO:        Initial point of search.
INFO:          Upstream outflow ratio = 0.977318.
INFO:          Downstream outflow ratio = 0.53243.
INFO:          Direct discharge ratio = 0.936959.
INFO:          Upstream percolation ratio = 0.325511.
INFO:          Downstream deep percolation ratio = 0.0107548.
INFO:          Upstream middle flow ratio = 0.733988.
INFO:          Downstream percolation ratio = 0.296524.
INFO:          Downstream middle flow ratio = 0.344698.
INFO:          "Water-holding Capacity of Forest" = 241.014.
INFO:         *Upstream deep percolation ratio = 0.169468.
INFO:        Simulations = 1340.
INFO:        NOTE 17 of the simulations caused floating point errors (first was reported).
INFO:        Optimizations = 7.
INFO:        Pass = 3.
INFO:        Payoff = -323428.
INFO:        ---------------------------------.
INFO:        Maximum payoff found at:.
INFO:          Upstream outflow ratio = 0.0592526.
INFO:          Downstream outflow ratio = 0.01.
INFO:          Direct discharge ratio = 0.237185.
INFO:          Upstream percolation ratio = 0.5.
INFO:          Downstream deep percolation ratio = 0.5.
INFO:          Upstream middle flow ratio = 0.01.
INFO:          Downstream percolation ratio = 0.5.
INFO:          Downstream middle flow ratio = 0.01.
INFO:          "Water-holding Capacity of Forest" = 250.
INFO:         *Upstream deep percolation ratio = 0.99.
INFO:        Simulations = 1793.
INFO:        NOTE 26 of the simulations caused floating point errors (first was reported).
INFO:        Optimizations = 7.
INFO:        Pass = 3.
INFO:        Payoff = -23057.6.
INFO:        ---------------------------------.
INFO:        This Search                   	Pass 1      	Final       .
INFO:        Simulations                   	1722        	1793        .
INFO:        Iterations                    	10          	46          .
INFO:         Upstream outflow ratio       	0.05977772  	0.05977772  .
INFO:         Downstream outflow ratio     	0.01        	0.01        .
INFO:         Direct discharge ratio       	0.98479665  	0.98479665  .
INFO:         Upstream percolation ratio   	0.5         	0.5         .
INFO:         Downstream deep percolation ratio	0.5         	0.5         .
INFO:         Upstream middle flow ratio   	0.01        	0.01        .
INFO:         Downstream percolation ratio 	0.5         	0.5         .
INFO:         Downstream middle flow ratio 	0.01        	0.01        .
INFO:         "Water-holding Capacity of Forest"	250         	250         .
INFO:         Upstream deep percolation ratio	0.99        	0.99        .
INFO:        Payoff                        	-25607.593  	-25607.593  .
INFO:        ==============================.
INFO:        Initial point of search.
INFO:          Upstream outflow ratio = 0.347455.
INFO:          Downstream outflow ratio = 0.400081.
INFO:          Direct discharge ratio = 0.247667.
INFO:          Upstream percolation ratio = 0.0613706.
INFO:          Downstream deep percolation ratio = 0.413967.
INFO:          Upstream middle flow ratio = 0.0593178.
INFO:          Downstream percolation ratio = 0.130059.
INFO:          Downstream middle flow ratio = 0.28513.
INFO:          "Water-holding Capacity of Forest" = 232.762.
INFO:         *Upstream deep percolation ratio = 0.352835.
INFO:        Simulations = 1794.
INFO:        NOTE 26 of the simulations caused floating point errors (first was reported).
INFO:        Optimizations = 8.
INFO:        Pass = 3.
INFO:        Payoff = -232690.
INFO:        ---------------------------------.
INFO:        Maximum payoff found at:.
INFO:          Upstream outflow ratio = 0.0580421.
INFO:          Downstream outflow ratio = 0.01.
INFO:          Direct discharge ratio = 0.193384.
INFO:          Upstream percolation ratio = 0.5.
INFO:          Downstream deep percolation ratio = 0.5.
INFO:          Upstream middle flow ratio = 0.01.
INFO:          Downstream percolation ratio = 0.5.
INFO:          Downstream middle flow ratio = 0.01.
INFO:          "Water-holding Capacity of Forest" = 250.
INFO:         *Upstream deep percolation ratio = 0.99.
INFO:        Simulations = 2278.
INFO:        NOTE 26 of the simulations caused floating point errors (first was reported).
INFO:        Optimizations = 8.
INFO:        Pass = 3.
INFO:        Payoff = -22998.7.
INFO:        ---------------------------------.
INFO:        This Search                   	Pass 1      	Final       .
INFO:        Simulations                   	2202        	2278        .
INFO:        Iterations                    	10          	58          .
INFO:         Upstream outflow ratio       	0.058042104 	0.058042104 .
INFO:         Downstream outflow ratio     	0.01        	0.01        .
INFO:         Direct discharge ratio       	0.19338443  	0.19338443  .
INFO:         Upstream percolation ratio   	0.5         	0.5         .
INFO:         Downstream deep percolation ratio	0.5         	0.5         .
INFO:         Upstream middle flow ratio   	0.01        	0.01        .
INFO:         Downstream percolation ratio 	0.5         	0.5         .
INFO:         Downstream middle flow ratio 	0.01        	0.01        .
INFO:         "Water-holding Capacity of Forest"	250         	250         .
INFO:         Upstream deep percolation ratio	0.99        	0.99        .
INFO:        Payoff                        	-22998.693  	-22998.693  .
INFO:        ==============================.
INFO:        Floating point error - skipping optimization.
INFO:          Upstream outflow ratio = 0.26965.
INFO:          Downstream outflow ratio = 0.62033.
INFO:          Direct discharge ratio = 0.662755.
INFO:          Upstream percolation ratio = 0.333443.
INFO:          Downstream deep percolation ratio = 0.481722.
INFO:          Upstream middle flow ratio = 0.550835.
INFO:          Downstream percolation ratio = 0.402499.
INFO:          Downstream middle flow ratio = 0.638187.
INFO:          "Water-holding Capacity of Forest" = 222.006.
INFO:         *Upstream deep percolation ratio = 0.831377.
INFO:        Simulations = 2279.
INFO:        NOTE 27 of the simulations caused floating point errors (first was reported).
INFO:        Optimizations = 9.
INFO:        Pass = 3.
INFO:        Payoff = -1.29807e+33.
INFO:        ---------------------------------.
INFO:        Initial point of search.
INFO:          Upstream outflow ratio = 0.81014.
INFO:          Downstream outflow ratio = 0.874566.
INFO:          Direct discharge ratio = 0.675417.
INFO:          Upstream percolation ratio = 0.37438.
INFO:          Downstream deep percolation ratio = 0.0399468.
INFO:          Upstream middle flow ratio = 0.30349.
INFO:          Downstream percolation ratio = 0.279332.
INFO:          Downstream middle flow ratio = 0.609794.
INFO:          "Water-holding Capacity of Forest" = 154.435.
INFO:         *Upstream deep percolation ratio = 0.51133.
INFO:        Simulations = 2280.
INFO:        NOTE 27 of the simulations caused floating point errors (first was reported).
INFO:        Optimizations = 10.
INFO:        Pass = 3.
INFO:        Payoff = -283867.
INFO:        ---------------------------------.
INFO:        Maximum payoff found at:.
INFO:          Upstream outflow ratio = 0.0580421.
INFO:          Downstream outflow ratio = 0.01.
INFO:          Direct discharge ratio = 0.193384.
INFO:          Upstream percolation ratio = 0.5.
INFO:          Downstream deep percolation ratio = 0.5.
INFO:          Upstream middle flow ratio = 0.01.
INFO:          Downstream percolation ratio = 0.5.
INFO:          Downstream middle flow ratio = 0.01.
INFO:          "Water-holding Capacity of Forest" = 250.
INFO:         *Upstream deep percolation ratio = 0.99.
INFO:        Simulations = 2647.
INFO:        NOTE 27 of the simulations caused floating point errors (first was reported).
INFO:        Optimizations = 10.
INFO:        Pass = 3.
INFO:        Payoff = -22998.7.
INFO:        ---------------------------------.
INFO:        This Search                   	Pass 1      	Final       .
INFO:        Simulations                   	2567        	2647        .
INFO:        Iterations                    	8           	68          .
INFO:         Upstream outflow ratio       	0.050540751 	0.050540751 .
INFO:         Downstream outflow ratio     	0.87456592  	0.87456592  .
INFO:         Direct discharge ratio       	0.67416252  	0.67416252  .
INFO:         Upstream percolation ratio   	0.5         	0.5         .
INFO:         Downstream deep percolation ratio	0.5         	0.5         .
INFO:         Upstream middle flow ratio   	0.01        	0.01        .
INFO:         Downstream percolation ratio 	0.5         	0.5         .
INFO:         Downstream middle flow ratio 	0.01        	0.01        .
INFO:         "Water-holding Capacity of Forest"	250         	250         .
INFO:         Upstream deep percolation ratio	0.99        	0.99        .
INFO:        Payoff                        	-96636.923  	-96636.923  .
INFO:        ==============================.
INFO:        Maximum of simulations/optimizations found at:.
INFO:          Upstream outflow ratio = 0.0580421.
INFO:          Downstream outflow ratio = 0.01.
INFO:          Direct discharge ratio = 0.193384.
INFO:          Upstream percolation ratio = 0.5.
INFO:          Downstream deep percolation ratio = 0.5.
INFO:          Upstream middle flow ratio = 0.01.
INFO:          Downstream percolation ratio = 0.5.
INFO:          Downstream middle flow ratio = 0.01.
INFO:          "Water-holding Capacity of Forest" = 250.
INFO:         *Upstream deep percolation ratio = 0.99.
INFO:        Simulations = 2647.
INFO:        NOTE 27 of the simulations caused floating point errors (first was reported).
INFO:        Optimizations = 10.
INFO:        Pass = 3.
INFO:        Payoff = -22998.7.
INFO:        ---------------------------------.
